2026-07-11 00:18:38,173 - log_util.py[DEBUG]: Cloud-init v. 25.2-0ubuntu1~24.04.1 running 'init-local' at Sat, 11 Jul 2026 00:18:38 +0000. Up 13.08 seconds.
2026-07-11 00:18:38,173 - main.py[INFO]: PID [1] started cloud-init 'init-local'.
2026-07-11 00:18:38,173 - main.py[DEBUG]: No kernel command line url found.
2026-07-11 00:18:38,173 - main.py[DEBUG]: Closing stdin
2026-07-11 00:18:38,175 - util.py[DEBUG]: Writing to /var/log/cloud-init.log - ab: [640] 0 bytes
2026-07-11 00:18:38,176 - util.py[DEBUG]: Changing the ownership of /var/log/cloud-init.log to 103:4
2026-07-11 00:18:38,176 - util.py[DEBUG]: Writing to /var/lib/cloud/data/python-version - wb: [644] 4 bytes
2026-07-11 00:18:38,177 - util.py[DEBUG]: Attempting to remove /var/lib/cloud/instance/boot-finished
2026-07-11 00:18:38,177 - handlers.py[DEBUG]: start: init-local/check-cache: attempting to read from cache [check]
2026-07-11 00:18:38,177 - util.py[DEBUG]: Reading from /var/lib/cloud/instance/obj.pkl (quiet=False)
2026-07-11 00:18:38,177 - stages.py[DEBUG]: no cache found
2026-07-11 00:18:38,177 - handlers.py[DEBUG]: finish: init-local/check-cache: SUCCESS: no cache found
2026-07-11 00:18:38,186 - stages.py[DEBUG]: Using distro class <class 'cloudinit.distros.ubuntu.Distro'>
2026-07-11 00:18:38,187 - sources[DEBUG]: Looking for data source in: ['NoCloud', 'None'], via packages ['', 'cloudinit.sources'] that matches dependencies ['FILESYSTEM']
2026-07-11 00:18:38,195 - sources[DEBUG]: Searching for local data source in: ['DataSourceNoCloud']
2026-07-11 00:18:38,195 - handlers.py[DEBUG]: start: init-local/search-NoCloud: searching for local data from DataSourceNoCloud
2026-07-11 00:18:38,196 - sources[DEBUG]: Seeing if we can get any data from <class 'cloudinit.sources.DataSourceNoCloud.DataSourceNoCloud'>
2026-07-11 00:18:38,196 - sources[DEBUG]: Update datasource metadata and network config due to events: boot-new-instance
2026-07-11 00:18:38,196 - sources[DEBUG]: Detected DataSourceNoCloud 
2026-07-11 00:18:38,196 - dmi.py[DEBUG]: querying dmi data /sys/class/dmi/id/product_serial
2026-07-11 00:18:38,196 - util.py[DEBUG]: Reading from /var/lib/cloud/seed/nocloud/user-data (quiet=False)
2026-07-11 00:18:38,196 - util.py[DEBUG]: Reading 0 bytes from /var/lib/cloud/seed/nocloud/user-data
2026-07-11 00:18:38,196 - util.py[DEBUG]: Reading from /var/lib/cloud/seed/nocloud/meta-data (quiet=False)
2026-07-11 00:18:38,196 - util.py[DEBUG]: Reading 0 bytes from /var/lib/cloud/seed/nocloud/meta-data
2026-07-11 00:18:38,196 - util.py[DEBUG]: Reading from /var/lib/cloud/seed/nocloud/vendor-data (quiet=False)
2026-07-11 00:18:38,197 - util.py[DEBUG]: Reading from /var/lib/cloud/seed/nocloud/network-config (quiet=False)
2026-07-11 00:18:38,197 - DataSourceNoCloud.py[DEBUG]: Using seeded data from /var/lib/cloud/seed/nocloud
2026-07-11 00:18:38,197 - util.py[DEBUG]: Attempting to load yaml from string of length 0 with allowed root types (<class 'dict'>,)
2026-07-11 00:18:38,197 - util.py[DEBUG]: loaded blob returned None, returning default.
2026-07-11 00:18:38,197 - subp.py[DEBUG]: Running command ['blkid', '-tTYPE=vfat', '-odevice'] with allowed return codes [0, 2] (shell=False, capture=True)
2026-07-11 00:18:38,253 - performance.py[DEBUG]: Running ['blkid', '-tTYPE=vfat', '-odevice'] took 0.056 seconds
2026-07-11 00:18:38,253 - subp.py[DEBUG]: Running command ['blkid', '-tTYPE=iso9660', '-odevice'] with allowed return codes [0, 2] (shell=False, capture=True)
2026-07-11 00:18:38,262 - subp.py[DEBUG]: Running command ['blkid', '-tLABEL=CIDATA', '-odevice'] with allowed return codes [0, 2] (shell=False, capture=True)
2026-07-11 00:18:38,280 - performance.py[DEBUG]: Running ['blkid', '-tLABEL=CIDATA', '-odevice'] took 0.018 seconds
2026-07-11 00:18:38,280 - subp.py[DEBUG]: Running command ['blkid', '-tLABEL=cidata', '-odevice'] with allowed return codes [0, 2] (shell=False, capture=True)
2026-07-11 00:18:38,300 - performance.py[DEBUG]: Running ['blkid', '-tLABEL=cidata', '-odevice'] took 0.020 seconds
2026-07-11 00:18:38,301 - subp.py[DEBUG]: Running command ['blkid', '-tLABEL_FATBOOT=cidata', '-odevice'] with allowed return codes [0, 2] (shell=False, capture=True)
2026-07-11 00:18:38,309 - util.py[DEBUG]: Reading from /etc/hosts (quiet=False)
2026-07-11 00:18:38,309 - util.py[DEBUG]: Reading 250 bytes from /etc/hosts
2026-07-11 00:18:38,310 - util.py[DEBUG]: Writing to /run/cloud-init/cloud-id-nocloud - wb: [644] 8 bytes
2026-07-11 00:18:38,310 - util.py[DEBUG]: Creating symbolic link from '/run/cloud-init/cloud-id' => '/run/cloud-init/cloud-id-nocloud'
2026-07-11 00:18:38,311 - atomic_helper.py[DEBUG]: Atomically writing to file /run/cloud-init/instance-data-sensitive.json (via temporary file /run/cloud-init/tmpfi6fadhl) - w: [600] 7461 bytes/chars
2026-07-11 00:18:38,311 - atomic_helper.py[DEBUG]: Atomically writing to file /run/cloud-init/instance-data.json (via temporary file /run/cloud-init/tmpg7zvigos) - w: [644] 1528 bytes/chars
2026-07-11 00:18:38,312 - performance.py[DEBUG]: Getting metadata took 0.116 seconds
2026-07-11 00:18:38,312 - handlers.py[DEBUG]: finish: init-local/search-NoCloud: SUCCESS: found local data from DataSourceNoCloud
2026-07-11 00:18:38,312 - util.py[DEBUG]: Attempting to remove /var/lib/cloud/instance
2026-07-11 00:18:38,312 - stages.py[INFO]: Loaded datasource DataSourceNoCloud - DataSourceNoCloud [seed=/var/lib/cloud/seed/nocloud]
2026-07-11 00:18:38,312 - util.py[DEBUG]: Reading from /etc/cloud/cloud.cfg (quiet=False)
2026-07-11 00:18:38,312 - util.py[DEBUG]: Reading 3487 bytes from /etc/cloud/cloud.cfg
2026-07-11 00:18:38,312 - util.py[DEBUG]: Attempting to load yaml from string of length 3487 with allowed root types (<class 'dict'>,)
2026-07-11 00:18:38,319 - util.py[DEBUG]: Reading from /etc/cloud/cloud.cfg.d/90_dpkg.cfg (quiet=False)
2026-07-11 00:18:38,319 - util.py[DEBUG]: Reading 343 bytes from /etc/cloud/cloud.cfg.d/90_dpkg.cfg
2026-07-11 00:18:38,319 - util.py[DEBUG]: Attempting to load yaml from string of length 343 with allowed root types (<class 'dict'>,)
2026-07-11 00:18:38,320 - util.py[DEBUG]: Reading from /etc/cloud/cloud.cfg.d/06_quiet.cfg (quiet=False)
2026-07-11 00:18:38,320 - util.py[DEBUG]: Reading 112 bytes from /etc/cloud/cloud.cfg.d/06_quiet.cfg
2026-07-11 00:18:38,320 - util.py[DEBUG]: Attempting to load yaml from string of length 112 with allowed root types (<class 'dict'>,)
2026-07-11 00:18:38,321 - util.py[DEBUG]: Reading from /etc/cloud/cloud.cfg.d/05_logging.cfg (quiet=False)
2026-07-11 00:18:38,321 - util.py[DEBUG]: Reading 2071 bytes from /etc/cloud/cloud.cfg.d/05_logging.cfg
2026-07-11 00:18:38,321 - util.py[DEBUG]: Attempting to load yaml from string of length 2071 with allowed root types (<class 'dict'>,)
2026-07-11 00:18:38,323 - util.py[DEBUG]: Reading from /run/cloud-init/cloud.cfg (quiet=False)
2026-07-11 00:18:38,323 - util.py[DEBUG]: Reading 35 bytes from /run/cloud-init/cloud.cfg
2026-07-11 00:18:38,323 - util.py[DEBUG]: Attempting to load yaml from string of length 35 with allowed root types (<class 'dict'>,)
2026-07-11 00:18:38,323 - util.py[DEBUG]: Attempting to load yaml from string of length 0 with allowed root types (<class 'dict'>,)
2026-07-11 00:18:38,323 - util.py[DEBUG]: loaded blob returned None, returning default.
2026-07-11 00:18:38,324 - util.py[DEBUG]: Attempting to remove /var/lib/cloud/instance
2026-07-11 00:18:38,324 - util.py[DEBUG]: Creating symbolic link from '/var/lib/cloud/instance' => '/var/lib/cloud/instances/nocloud'
2026-07-11 00:18:38,325 - util.py[DEBUG]: Reading from /var/lib/cloud/instances/nocloud/datasource (quiet=False)
2026-07-11 00:18:38,325 - util.py[DEBUG]: Writing to /var/lib/cloud/instances/nocloud/datasource - wb: [644] 72 bytes
2026-07-11 00:18:38,325 - util.py[DEBUG]: Writing to /var/lib/cloud/data/previous-datasource - wb: [644] 72 bytes
2026-07-11 00:18:38,325 - util.py[DEBUG]: Reading from /var/lib/cloud/data/instance-id (quiet=False)
2026-07-11 00:18:38,325 - stages.py[DEBUG]: previous iid found to be NO_PREVIOUS_INSTANCE_ID
2026-07-11 00:18:38,326 - util.py[DEBUG]: Writing to /var/lib/cloud/data/instance-id - wb: [644] 8 bytes
2026-07-11 00:18:38,326 - util.py[DEBUG]: Writing to /run/cloud-init/.instance-id - wb: [644] 8 bytes
2026-07-11 00:18:38,326 - util.py[DEBUG]: Writing to /var/lib/cloud/data/previous-instance-id - wb: [644] 24 bytes
2026-07-11 00:18:38,327 - util.py[DEBUG]: Writing to /var/lib/cloud/instance/obj.pkl - wb: [400] 6350 bytes
2026-07-11 00:18:38,327 - main.py[DEBUG]: [local] init will now be targeting instance id: nocloud. new=True
2026-07-11 00:18:38,327 - util.py[DEBUG]: Reading from /etc/cloud/cloud.cfg (quiet=False)
2026-07-11 00:18:38,327 - util.py[DEBUG]: Reading 3487 bytes from /etc/cloud/cloud.cfg
2026-07-11 00:18:38,327 - util.py[DEBUG]: Attempting to load yaml from string of length 3487 with allowed root types (<class 'dict'>,)
2026-07-11 00:18:38,334 - util.py[DEBUG]: Reading from /etc/cloud/cloud.cfg.d/90_dpkg.cfg (quiet=False)
2026-07-11 00:18:38,334 - util.py[DEBUG]: Reading 343 bytes from /etc/cloud/cloud.cfg.d/90_dpkg.cfg
2026-07-11 00:18:38,334 - util.py[DEBUG]: Attempting to load yaml from string of length 343 with allowed root types (<class 'dict'>,)
2026-07-11 00:18:38,335 - util.py[DEBUG]: Reading from /etc/cloud/cloud.cfg.d/06_quiet.cfg (quiet=False)
2026-07-11 00:18:38,335 - util.py[DEBUG]: Reading 112 bytes from /etc/cloud/cloud.cfg.d/06_quiet.cfg
2026-07-11 00:18:38,335 - util.py[DEBUG]: Attempting to load yaml from string of length 112 with allowed root types (<class 'dict'>,)
2026-07-11 00:18:38,336 - util.py[DEBUG]: Reading from /etc/cloud/cloud.cfg.d/05_logging.cfg (quiet=False)
2026-07-11 00:18:38,336 - util.py[DEBUG]: Reading 2071 bytes from /etc/cloud/cloud.cfg.d/05_logging.cfg
2026-07-11 00:18:38,336 - util.py[DEBUG]: Attempting to load yaml from string of length 2071 with allowed root types (<class 'dict'>,)
2026-07-11 00:18:38,338 - util.py[DEBUG]: Reading from /run/cloud-init/cloud.cfg (quiet=False)
2026-07-11 00:18:38,338 - util.py[DEBUG]: Reading 35 bytes from /run/cloud-init/cloud.cfg
2026-07-11 00:18:38,338 - util.py[DEBUG]: Attempting to load yaml from string of length 35 with allowed root types (<class 'dict'>,)
2026-07-11 00:18:38,338 - util.py[DEBUG]: Attempting to load yaml from string of length 0 with allowed root types (<class 'dict'>,)
2026-07-11 00:18:38,338 - util.py[DEBUG]: loaded blob returned None, returning default.
2026-07-11 00:18:38,339 - stages.py[DEBUG]: Using distro class <class 'cloudinit.distros.ubuntu.Distro'>
2026-07-11 00:18:38,340 - util.py[DEBUG]: Reading from /sys/class/net/enp7s0/address (quiet=False)
2026-07-11 00:18:38,340 - util.py[DEBUG]: Reading 18 bytes from /sys/class/net/enp7s0/address
2026-07-11 00:18:38,340 - util.py[DEBUG]: Reading from /sys/class/net/lo/address (quiet=False)
2026-07-11 00:18:38,340 - util.py[DEBUG]: Reading 18 bytes from /sys/class/net/lo/address
2026-07-11 00:18:38,340 - util.py[DEBUG]: Reading from /sys/class/net/enp7s0/address (quiet=False)
2026-07-11 00:18:38,340 - util.py[DEBUG]: Reading 18 bytes from /sys/class/net/enp7s0/address
2026-07-11 00:18:38,340 - util.py[DEBUG]: Reading from /sys/class/net/lo/address (quiet=False)
2026-07-11 00:18:38,340 - util.py[DEBUG]: Reading 18 bytes from /sys/class/net/lo/address
2026-07-11 00:18:38,341 - atomic_helper.py[DEBUG]: Atomically writing to file /var/lib/cloud/instance/network-config.json (via temporary file /var/lib/cloud/instance/tmpfw9el29h) - w: [600] 193 bytes/chars
2026-07-11 00:18:38,341 - util.py[DEBUG]: Creating symbolic link from '/run/cloud-init/network-config.json' => '/var/lib/cloud/instance/network-config.json'
2026-07-11 00:18:38,341 - util.py[DEBUG]: Reading from /usr/lib/python3/dist-packages/cloudinit/config/schemas/schema-network-config-v2.json (quiet=False)
2026-07-11 00:18:38,343 - util.py[DEBUG]: Reading 17906 bytes from /usr/lib/python3/dist-packages/cloudinit/config/schemas/schema-network-config-v2.json
2026-07-11 00:18:38,343 - schema.py[DEBUG]: Validating network-config with netplan API
2026-07-11 00:18:38,344 - util.py[DEBUG]: Writing to /run/cloud-init/tmp/tmp4jrmzv3l/etc/netplan/network-config.yaml - wb: [600] 225 bytes
2026-07-11 00:18:38,345 - util.py[DEBUG]: Reading from /sys/class/net/enp7s0/uevent (quiet=False)
2026-07-11 00:18:38,345 - util.py[DEBUG]: Reading 27 bytes from /sys/class/net/enp7s0/uevent
2026-07-11 00:18:38,345 - util.py[DEBUG]: Reading from /sys/class/net/enp7s0/addr_assign_type (quiet=False)
2026-07-11 00:18:38,345 - util.py[DEBUG]: Reading 2 bytes from /sys/class/net/enp7s0/addr_assign_type
2026-07-11 00:18:38,346 - util.py[DEBUG]: Reading from /sys/class/net/enp7s0/address (quiet=False)
2026-07-11 00:18:38,346 - util.py[DEBUG]: Reading 18 bytes from /sys/class/net/enp7s0/address
2026-07-11 00:18:38,346 - net[DEBUG]: ovs-vsctl not in PATH; not detecting Open vSwitch interfaces
2026-07-11 00:18:38,346 - util.py[DEBUG]: Reading from /sys/class/net/enp7s0/device/device (quiet=False)
2026-07-11 00:18:38,347 - util.py[DEBUG]: Reading 7 bytes from /sys/class/net/enp7s0/device/device
2026-07-11 00:18:38,347 - util.py[DEBUG]: Reading from /sys/class/net/lo/uevent (quiet=False)
2026-07-11 00:18:38,347 - util.py[DEBUG]: Reading 23 bytes from /sys/class/net/lo/uevent
2026-07-11 00:18:38,347 - util.py[DEBUG]: Reading from /sys/class/net/lo/addr_assign_type (quiet=False)
2026-07-11 00:18:38,347 - util.py[DEBUG]: Reading 2 bytes from /sys/class/net/lo/addr_assign_type
2026-07-11 00:18:38,347 - util.py[DEBUG]: Reading from /sys/class/net/lo/address (quiet=False)
2026-07-11 00:18:38,347 - util.py[DEBUG]: Reading 18 bytes from /sys/class/net/lo/address
2026-07-11 00:18:38,347 - util.py[DEBUG]: Reading from /sys/class/net/lo/device/device (quiet=False)
2026-07-11 00:18:38,347 - util.py[DEBUG]: Reading from /sys/class/net/enp7s0/type (quiet=False)
2026-07-11 00:18:38,347 - util.py[DEBUG]: Reading 2 bytes from /sys/class/net/enp7s0/type
2026-07-11 00:18:38,347 - util.py[DEBUG]: Reading from /sys/class/net/lo/type (quiet=False)
2026-07-11 00:18:38,347 - util.py[DEBUG]: Reading 4 bytes from /sys/class/net/lo/type
2026-07-11 00:18:38,347 - networking.py[DEBUG]: net: all expected physical devices present
2026-07-11 00:18:38,347 - stages.py[DEBUG]: applying net config names for {'version': 2, 'ethernets': {'zz-all-en': {'match': {'name': 'en*'}, 'dhcp4': True}, 'zz-all-eth': {'match': {'name': 'eth*'}, 'dhcp4': True}}}
2026-07-11 00:18:38,347 - net[DEBUG]: no interfaces to rename
2026-07-11 00:18:38,347 - stages.py[INFO]: Applying network configuration from system_cfg bringup=False: {'version': 2, 'ethernets': {'zz-all-en': {'match': {'name': 'en*'}, 'dhcp4': True}, 'zz-all-eth': {'match': {'name': 'eth*'}, 'dhcp4': True}}}
2026-07-11 00:18:38,348 - util.py[DEBUG]: Writing to /run/cloud-init/sem/apply_network_config.once - wb: [644] 24 bytes
2026-07-11 00:18:38,352 - distros[DEBUG]: Selected renderer 'netplan' from priority list: None
2026-07-11 00:18:38,352 - network_state.py[DEBUG]: Passthrough netplan v2 config
2026-07-11 00:18:38,360 - netplan.py[DEBUG]: V2 to V2 passthrough
2026-07-11 00:18:38,362 - netplan.py[DEBUG]: Rendered netplan config using netplan python API
2026-07-11 00:18:38,362 - subp.py[DEBUG]: Running command ['netplan', 'generate'] with allowed return codes [0] (shell=False, capture=True)
2026-07-11 00:18:39,135 - performance.py[DEBUG]: Running ['netplan', 'generate'] took 0.773 seconds
2026-07-11 00:18:39,135 - subp.py[DEBUG]: Running command ['udevadm', 'test-builtin', 'net_setup_link', '/sys/class/net/enp7s0'] with allowed return codes [0] (shell=False, capture=True)
2026-07-11 00:18:39,140 - subp.py[DEBUG]: Running command ['udevadm', 'test-builtin', 'net_setup_link', '/sys/class/net/lo'] with allowed return codes [0] (shell=False, capture=True)
2026-07-11 00:18:39,143 - distros[DEBUG]: Not bringing up newly configured network interfaces
2026-07-11 00:18:39,143 - main.py[DEBUG]: [local] Exiting. datasource DataSourceNoCloud [seed=/var/lib/cloud/seed/nocloud] not in local mode.
2026-07-11 00:18:39,144 - util.py[DEBUG]: Reading from /proc/uptime (quiet=False)
2026-07-11 00:18:39,144 - util.py[DEBUG]: Reading 12 bytes from /proc/uptime
2026-07-11 00:18:39,144 - atomic_helper.py[DEBUG]: Atomically writing to file /var/lib/cloud/data/status.json (via temporary file /var/lib/cloud/data/tmpc0ycnjks) - w: [644] 535 bytes/chars
2026-07-11 00:18:39,145 - performance.py[DEBUG]: cloud-init stage: 'init-local' took 1.016 seconds
2026-07-11 00:18:39,145 - handlers.py[DEBUG]: finish: init-local: SUCCESS: searching for local datasources
2026-07-11 00:18:39,718 - log_util.py[DEBUG]: Cloud-init v. 25.2-0ubuntu1~24.04.1 running 'init' at Sat, 11 Jul 2026 00:18:39 +0000. Up 14.63 seconds.
2026-07-11 00:18:39,718 - main.py[INFO]: PID [1] started cloud-init 'init'.
2026-07-11 00:18:39,718 - main.py[DEBUG]: No kernel command line url found.
2026-07-11 00:18:39,718 - main.py[DEBUG]: Closing stdin
2026-07-11 00:18:39,720 - util.py[DEBUG]: Writing to /var/log/cloud-init.log - ab: [640] 0 bytes
2026-07-11 00:18:39,720 - util.py[DEBUG]: Changing the ownership of /var/log/cloud-init.log to 103:4
2026-07-11 00:18:39,720 - util.py[DEBUG]: Reading from /var/lib/cloud/data/python-version (quiet=False)
2026-07-11 00:18:39,720 - util.py[DEBUG]: Reading 4 bytes from /var/lib/cloud/data/python-version
2026-07-11 00:18:39,723 - subp.py[DEBUG]: Running command ['ip', '--json', 'addr'] with allowed return codes [0] (shell=False, capture=True)
2026-07-11 00:18:39,768 - performance.py[DEBUG]: Running ['ip', '--json', 'addr'] took 0.045 seconds
2026-07-11 00:18:39,768 - subp.py[DEBUG]: Running command ['ip', '-o', 'route', 'list'] with allowed return codes [0] (shell=False, capture=True)
2026-07-11 00:18:39,770 - subp.py[DEBUG]: Running command ['ip', '--oneline', '-6', 'route', 'list', 'table', 'all'] with allowed return codes [0, 1] (shell=False, capture=True)
2026-07-11 00:18:39,772 - handlers.py[DEBUG]: start: init-network/check-cache: attempting to read from cache [trust]
2026-07-11 00:18:39,772 - util.py[DEBUG]: Reading from /var/lib/cloud/instance/obj.pkl (quiet=False)
2026-07-11 00:18:39,772 - util.py[DEBUG]: Reading 6350 bytes from /var/lib/cloud/instance/obj.pkl
2026-07-11 00:18:39,774 - util.py[DEBUG]: Reading from /run/cloud-init/.instance-id (quiet=False)
2026-07-11 00:18:39,774 - util.py[DEBUG]: Reading 8 bytes from /run/cloud-init/.instance-id
2026-07-11 00:18:39,774 - stages.py[DEBUG]: restored from cache with run check: DataSourceNoCloud [seed=/var/lib/cloud/seed/nocloud]
2026-07-11 00:18:39,774 - handlers.py[DEBUG]: finish: init-network/check-cache: SUCCESS: restored from cache with run check: DataSourceNoCloud [seed=/var/lib/cloud/seed/nocloud]
2026-07-11 00:18:39,774 - util.py[DEBUG]: Reading from /etc/cloud/cloud.cfg (quiet=False)
2026-07-11 00:18:39,775 - util.py[DEBUG]: Reading 3487 bytes from /etc/cloud/cloud.cfg
2026-07-11 00:18:39,775 - util.py[DEBUG]: Attempting to load yaml from string of length 3487 with allowed root types (<class 'dict'>,)
2026-07-11 00:18:39,782 - util.py[DEBUG]: Reading from /etc/cloud/cloud.cfg.d/90_dpkg.cfg (quiet=False)
2026-07-11 00:18:39,782 - util.py[DEBUG]: Reading 343 bytes from /etc/cloud/cloud.cfg.d/90_dpkg.cfg
2026-07-11 00:18:39,782 - util.py[DEBUG]: Attempting to load yaml from string of length 343 with allowed root types (<class 'dict'>,)
2026-07-11 00:18:39,783 - util.py[DEBUG]: Reading from /etc/cloud/cloud.cfg.d/06_quiet.cfg (quiet=False)
2026-07-11 00:18:39,784 - util.py[DEBUG]: Reading 112 bytes from /etc/cloud/cloud.cfg.d/06_quiet.cfg
2026-07-11 00:18:39,784 - util.py[DEBUG]: Attempting to load yaml from string of length 112 with allowed root types (<class 'dict'>,)
2026-07-11 00:18:39,784 - util.py[DEBUG]: Reading from /etc/cloud/cloud.cfg.d/05_logging.cfg (quiet=False)
2026-07-11 00:18:39,784 - util.py[DEBUG]: Reading 2071 bytes from /etc/cloud/cloud.cfg.d/05_logging.cfg
2026-07-11 00:18:39,784 - util.py[DEBUG]: Attempting to load yaml from string of length 2071 with allowed root types (<class 'dict'>,)
2026-07-11 00:18:39,786 - util.py[DEBUG]: Reading from /run/cloud-init/cloud.cfg (quiet=False)
2026-07-11 00:18:39,786 - util.py[DEBUG]: Reading 35 bytes from /run/cloud-init/cloud.cfg
2026-07-11 00:18:39,786 - util.py[DEBUG]: Attempting to load yaml from string of length 35 with allowed root types (<class 'dict'>,)
2026-07-11 00:18:39,786 - util.py[DEBUG]: Attempting to load yaml from string of length 0 with allowed root types (<class 'dict'>,)
2026-07-11 00:18:39,786 - util.py[DEBUG]: loaded blob returned None, returning default.
2026-07-11 00:18:39,787 - stages.py[INFO]: Instance link already exists, not recreating it.
2026-07-11 00:18:39,787 - util.py[DEBUG]: Reading from /var/lib/cloud/instances/nocloud/datasource (quiet=False)
2026-07-11 00:18:39,787 - util.py[DEBUG]: Reading 72 bytes from /var/lib/cloud/instances/nocloud/datasource
2026-07-11 00:18:39,787 - util.py[DEBUG]: Writing to /var/lib/cloud/instances/nocloud/datasource - wb: [644] 72 bytes
2026-07-11 00:18:39,788 - util.py[DEBUG]: Writing to /var/lib/cloud/data/previous-datasource - wb: [644] 72 bytes
2026-07-11 00:18:39,788 - util.py[DEBUG]: Reading from /var/lib/cloud/data/instance-id (quiet=False)
2026-07-11 00:18:39,788 - util.py[DEBUG]: Reading 8 bytes from /var/lib/cloud/data/instance-id
2026-07-11 00:18:39,788 - stages.py[DEBUG]: previous iid found to be nocloud
2026-07-11 00:18:39,788 - util.py[DEBUG]: Writing to /var/lib/cloud/data/instance-id - wb: [644] 8 bytes
2026-07-11 00:18:39,788 - util.py[DEBUG]: Writing to /run/cloud-init/.instance-id - wb: [644] 8 bytes
2026-07-11 00:18:39,789 - util.py[DEBUG]: Writing to /var/lib/cloud/data/previous-instance-id - wb: [644] 8 bytes
2026-07-11 00:18:39,789 - util.py[DEBUG]: Writing to /var/lib/cloud/instance/obj.pkl - wb: [400] 6371 bytes
2026-07-11 00:18:39,789 - stages.py[INFO]: Not re-loading configuration, instance id and datasource have not changed.
2026-07-11 00:18:39,789 - main.py[DEBUG]: [net] init will now be targeting instance id: nocloud. new=False
2026-07-11 00:18:39,790 - util.py[DEBUG]: Reading from /sys/class/net/enp7s0/address (quiet=False)
2026-07-11 00:18:39,790 - util.py[DEBUG]: Reading 18 bytes from /sys/class/net/enp7s0/address
2026-07-11 00:18:39,790 - util.py[DEBUG]: Reading from /sys/class/net/lo/address (quiet=False)
2026-07-11 00:18:39,790 - util.py[DEBUG]: Reading 18 bytes from /sys/class/net/lo/address
2026-07-11 00:18:39,791 - util.py[DEBUG]: Reading from /var/lib/cloud/hotplug.enabled (quiet=False)
2026-07-11 00:18:39,791 - util.py[DEBUG]: File not found: /var/lib/cloud/hotplug.enabled
2026-07-11 00:18:39,791 - stages.py[DEBUG]: Allowed events: {<EventScope.NETWORK: 'network'>: {<EventType.BOOT_NEW_INSTANCE: 'boot-new-instance'>}}
2026-07-11 00:18:39,791 - stages.py[DEBUG]: Event Denied: scopes=['network'] EventType=boot-legacy
2026-07-11 00:18:39,791 - stages.py[DEBUG]: No network config applied. Neither a new instance nor datasource network update allowed
2026-07-11 00:18:39,791 - stages.py[DEBUG]: applying net config names for {'version': 2, 'ethernets': {'zz-all-en': {'match': {'name': 'en*'}, 'dhcp4': True}, 'zz-all-eth': {'match': {'name': 'eth*'}, 'dhcp4': True}}}
2026-07-11 00:18:39,791 - stages.py[DEBUG]: Using distro class <class 'cloudinit.distros.ubuntu.Distro'>
2026-07-11 00:18:39,792 - net[DEBUG]: no interfaces to rename
2026-07-11 00:18:39,792 - handlers.py[DEBUG]: start: init-network/setup-datasource: setting up datasource
2026-07-11 00:18:39,792 - handlers.py[DEBUG]: finish: init-network/setup-datasource: SUCCESS: setting up datasource
2026-07-11 00:18:39,792 - util.py[DEBUG]: Writing to /var/lib/cloud/instances/nocloud/user-data.txt - wb: [600] 0 bytes
2026-07-11 00:18:39,799 - util.py[DEBUG]: Writing to /var/lib/cloud/instances/nocloud/user-data.txt.i - wb: [600] 308 bytes
2026-07-11 00:18:39,800 - util.py[DEBUG]: Writing to /var/lib/cloud/instances/nocloud/vendor-data.txt - wb: [600] 0 bytes
2026-07-11 00:18:39,800 - util.py[DEBUG]: Writing to /var/lib/cloud/instances/nocloud/vendor-data.txt.i - wb: [600] 308 bytes
2026-07-11 00:18:39,801 - util.py[DEBUG]: Writing to /var/lib/cloud/instances/nocloud/vendor-data2.txt - wb: [600] 0 bytes
2026-07-11 00:18:39,801 - util.py[DEBUG]: Writing to /var/lib/cloud/instances/nocloud/vendor-data2.txt.i - wb: [600] 308 bytes
2026-07-11 00:18:39,802 - util.py[DEBUG]: Writing to /var/lib/cloud/instances/nocloud/sem/consume_data - wb: [644] 24 bytes
2026-07-11 00:18:39,802 - helpers.py[DEBUG]: Running consume_data using lock (<FileLock using file '/var/lib/cloud/instances/nocloud/sem/consume_data'>)
2026-07-11 00:18:39,802 - handlers.py[DEBUG]: start: init-network/consume-user-data: reading and applying user-data
2026-07-11 00:18:39,803 - stages.py[DEBUG]: Added default handler for {'text/cloud-config', 'text/cloud-config-jsonp'} from CloudConfigPartHandler: [['text/cloud-config', 'text/cloud-config-jsonp']]
2026-07-11 00:18:39,803 - stages.py[DEBUG]: Added default handler for {'text/x-shellscript'} from ShellScriptPartHandler: [['text/x-shellscript']]
2026-07-11 00:18:39,803 - stages.py[DEBUG]: Added default handler for {'text/x-shellscript-per-boot'} from ShellScriptByFreqPartHandler: [['text/x-shellscript-per-boot']]
2026-07-11 00:18:39,803 - stages.py[DEBUG]: Added default handler for {'text/x-shellscript-per-instance'} from ShellScriptByFreqPartHandler: [['text/x-shellscript-per-instance']]
2026-07-11 00:18:39,803 - stages.py[DEBUG]: Added default handler for {'text/x-shellscript-per-once'} from ShellScriptByFreqPartHandler: [['text/x-shellscript-per-once']]
2026-07-11 00:18:39,803 - stages.py[DEBUG]: Added default handler for {'text/cloud-boothook'} from BootHookPartHandler: [['text/cloud-boothook']]
2026-07-11 00:18:39,803 - stages.py[DEBUG]: Added default handler for {'text/jinja2'} from JinjaTemplatePartHandler: [['text/jinja2']]
2026-07-11 00:18:39,803 - handlers[DEBUG]: Calling handler CloudConfigPartHandler: [['text/cloud-config', 'text/cloud-config-jsonp']] (__begin__, None, 3) with frequency once-per-instance
2026-07-11 00:18:39,803 - handlers[DEBUG]: Calling handler ShellScriptPartHandler: [['text/x-shellscript']] (__begin__, None, 2) with frequency once-per-instance
2026-07-11 00:18:39,803 - handlers[DEBUG]: Calling handler ShellScriptByFreqPartHandler: [['text/x-shellscript-per-boot']] (__begin__, None, 2) with frequency once-per-instance
2026-07-11 00:18:39,803 - handlers[DEBUG]: Calling handler ShellScriptByFreqPartHandler: [['text/x-shellscript-per-instance']] (__begin__, None, 2) with frequency once-per-instance
2026-07-11 00:18:39,803 - handlers[DEBUG]: Calling handler ShellScriptByFreqPartHandler: [['text/x-shellscript-per-once']] (__begin__, None, 2) with frequency once-per-instance
2026-07-11 00:18:39,803 - handlers[DEBUG]: Calling handler BootHookPartHandler: [['text/cloud-boothook']] (__begin__, None, 2) with frequency once-per-instance
2026-07-11 00:18:39,803 - handlers[DEBUG]: Calling handler JinjaTemplatePartHandler: [['text/jinja2']] (__begin__, None, 3) with frequency once-per-instance
2026-07-11 00:18:39,803 - handlers[DEBUG]: {'MIME-Version': '1.0', 'Content-Type': 'text/x-not-multipart', 'Content-Disposition': 'attachment; filename="part-001"'}
2026-07-11 00:18:39,803 - handlers[DEBUG]: Empty payload of type text/x-not-multipart
2026-07-11 00:18:39,804 - handlers[DEBUG]: Calling handler CloudConfigPartHandler: [['text/cloud-config', 'text/cloud-config-jsonp']] (__end__, None, 3) with frequency once-per-instance
2026-07-11 00:18:39,804 - util.py[DEBUG]: Writing to /var/lib/cloud/instances/nocloud/cloud-config.txt - wb: [600] 0 bytes
2026-07-11 00:18:39,804 - handlers[DEBUG]: Calling handler ShellScriptPartHandler: [['text/x-shellscript']] (__end__, None, 2) with frequency once-per-instance
2026-07-11 00:18:39,804 - handlers[DEBUG]: Calling handler ShellScriptByFreqPartHandler: [['text/x-shellscript-per-boot']] (__end__, None, 2) with frequency once-per-instance
2026-07-11 00:18:39,804 - handlers[DEBUG]: Calling handler ShellScriptByFreqPartHandler: [['text/x-shellscript-per-instance']] (__end__, None, 2) with frequency once-per-instance
2026-07-11 00:18:39,804 - handlers[DEBUG]: Calling handler ShellScriptByFreqPartHandler: [['text/x-shellscript-per-once']] (__end__, None, 2) with frequency once-per-instance
2026-07-11 00:18:39,804 - handlers[DEBUG]: Calling handler BootHookPartHandler: [['text/cloud-boothook']] (__end__, None, 2) with frequency once-per-instance
2026-07-11 00:18:39,804 - handlers[DEBUG]: Calling handler JinjaTemplatePartHandler: [['text/jinja2']] (__end__, None, 3) with frequency once-per-instance
2026-07-11 00:18:39,804 - handlers.py[DEBUG]: finish: init-network/consume-user-data: SUCCESS: reading and applying user-data
2026-07-11 00:18:39,804 - handlers.py[DEBUG]: start: init-network/consume-vendor-data: reading and applying vendor-data
2026-07-11 00:18:39,804 - stages.py[DEBUG]: no vendordata from datasource
2026-07-11 00:18:39,804 - handlers.py[DEBUG]: finish: init-network/consume-vendor-data: SUCCESS: reading and applying vendor-data
2026-07-11 00:18:39,804 - handlers.py[DEBUG]: start: init-network/consume-vendor-data2: reading and applying vendor-data2
2026-07-11 00:18:39,804 - stages.py[DEBUG]: no vendordata2 from datasource
2026-07-11 00:18:39,804 - handlers.py[DEBUG]: finish: init-network/consume-vendor-data2: SUCCESS: reading and applying vendor-data2
2026-07-11 00:18:39,805 - util.py[DEBUG]: Reading from /etc/cloud/cloud.cfg (quiet=False)
2026-07-11 00:18:39,805 - util.py[DEBUG]: Reading 3487 bytes from /etc/cloud/cloud.cfg
2026-07-11 00:18:39,805 - util.py[DEBUG]: Attempting to load yaml from string of length 3487 with allowed root types (<class 'dict'>,)
2026-07-11 00:18:39,811 - util.py[DEBUG]: Reading from /etc/cloud/cloud.cfg.d/90_dpkg.cfg (quiet=False)
2026-07-11 00:18:39,811 - util.py[DEBUG]: Reading 343 bytes from /etc/cloud/cloud.cfg.d/90_dpkg.cfg
2026-07-11 00:18:39,811 - util.py[DEBUG]: Attempting to load yaml from string of length 343 with allowed root types (<class 'dict'>,)
2026-07-11 00:18:39,812 - util.py[DEBUG]: Reading from /etc/cloud/cloud.cfg.d/06_quiet.cfg (quiet=False)
2026-07-11 00:18:39,812 - util.py[DEBUG]: Reading 112 bytes from /etc/cloud/cloud.cfg.d/06_quiet.cfg
2026-07-11 00:18:39,812 - util.py[DEBUG]: Attempting to load yaml from string of length 112 with allowed root types (<class 'dict'>,)
2026-07-11 00:18:39,813 - util.py[DEBUG]: Reading from /etc/cloud/cloud.cfg.d/05_logging.cfg (quiet=False)
2026-07-11 00:18:39,813 - util.py[DEBUG]: Reading 2071 bytes from /etc/cloud/cloud.cfg.d/05_logging.cfg
2026-07-11 00:18:39,813 - util.py[DEBUG]: Attempting to load yaml from string of length 2071 with allowed root types (<class 'dict'>,)
2026-07-11 00:18:39,815 - util.py[DEBUG]: Reading from /run/cloud-init/cloud.cfg (quiet=False)
2026-07-11 00:18:39,815 - util.py[DEBUG]: Reading 35 bytes from /run/cloud-init/cloud.cfg
2026-07-11 00:18:39,815 - util.py[DEBUG]: Attempting to load yaml from string of length 35 with allowed root types (<class 'dict'>,)
2026-07-11 00:18:39,815 - util.py[DEBUG]: Attempting to load yaml from string of length 0 with allowed root types (<class 'dict'>,)
2026-07-11 00:18:39,815 - util.py[DEBUG]: loaded blob returned None, returning default.
2026-07-11 00:18:39,815 - util.py[DEBUG]: Reading from /var/lib/cloud/instance/cloud-config.txt (quiet=False)
2026-07-11 00:18:39,815 - util.py[DEBUG]: Reading 0 bytes from /var/lib/cloud/instance/cloud-config.txt
2026-07-11 00:18:39,815 - util.py[DEBUG]: Attempting to load yaml from string of length 0 with allowed root types (<class 'dict'>,)
2026-07-11 00:18:39,815 - util.py[DEBUG]: loaded blob returned None, returning default.
2026-07-11 00:18:39,816 - atomic_helper.py[DEBUG]: Atomically writing to file /run/cloud-init/combined-cloud-config.json (via temporary file /run/cloud-init/tmphp89xkoa) - w: [600] 5265 bytes/chars
2026-07-11 00:18:39,816 - util.py[DEBUG]: Reading from /run/cloud-init/instance-data-sensitive.json (quiet=False)
2026-07-11 00:18:39,816 - util.py[DEBUG]: Reading 7461 bytes from /run/cloud-init/instance-data-sensitive.json
2026-07-11 00:18:39,817 - atomic_helper.py[DEBUG]: Atomically writing to file /run/cloud-init/instance-data-sensitive.json (via temporary file /run/cloud-init/tmphbpgij0l) - w: [600] 9645 bytes/chars
2026-07-11 00:18:39,817 - main.py[DEBUG]: Skipping user-data validation. No user-data found.
2026-07-11 00:18:39,817 - util.py[DEBUG]: Reading from /var/lib/cloud/instance/cloud-config.txt (quiet=False)
2026-07-11 00:18:39,817 - util.py[DEBUG]: Reading 0 bytes from /var/lib/cloud/instance/cloud-config.txt
2026-07-11 00:18:39,817 - util.py[DEBUG]: Attempting to load yaml from string of length 0 with allowed root types (<class 'dict'>,)
2026-07-11 00:18:39,817 - util.py[DEBUG]: loaded blob returned None, returning default.
2026-07-11 00:18:39,819 - handlers.py[DEBUG]: start: init-network/activate-datasource: activating datasource
2026-07-11 00:18:39,819 - util.py[DEBUG]: Writing to /var/lib/cloud/instance/obj.pkl - wb: [400] 8729 bytes
2026-07-11 00:18:39,820 - handlers.py[DEBUG]: finish: init-network/activate-datasource: SUCCESS: activating datasource
2026-07-11 00:18:39,820 - main.py[DEBUG]: no di_report found in config.
2026-07-11 00:18:39,837 - stages.py[DEBUG]: Using distro class <class 'cloudinit.distros.ubuntu.Distro'>
2026-07-11 00:18:39,838 - modules.py[INFO]: Skipping modules 'bootcmd,write-files,ca-certs,rsyslog' because no applicable config is provided.
2026-07-11 00:18:39,838 - modules.py[DEBUG]: Running module users-groups (<module 'cloudinit.config.cc_users_groups' from '/usr/lib/python3/dist-packages/cloudinit/config/cc_users_groups.py'>) with frequency once-per-instance
2026-07-11 00:18:39,838 - handlers.py[DEBUG]: start: init-network/config-users-groups: running config-users-groups with frequency once-per-instance
2026-07-11 00:18:39,838 - util.py[DEBUG]: Writing to /var/lib/cloud/instances/nocloud/sem/config_users_groups - wb: [644] 25 bytes
2026-07-11 00:18:39,839 - helpers.py[DEBUG]: Running config-users-groups using lock (<FileLock using file '/var/lib/cloud/instances/nocloud/sem/config_users_groups'>)
2026-07-11 00:18:39,840 - util.py[DEBUG]: Reading from /etc/os-release (quiet=True)
2026-07-11 00:18:39,840 - util.py[DEBUG]: Reading 400 bytes from /etc/os-release
2026-07-11 00:18:39,840 - util.py[DEBUG]: Reading from /etc/system-image/channel.ini (quiet=True)
2026-07-11 00:18:39,840 - util.py[DEBUG]: Reading 0 bytes from /etc/system-image/channel.ini
2026-07-11 00:18:39,841 - util.py[DEBUG]: Reading from /etc/os-release (quiet=True)
2026-07-11 00:18:39,841 - util.py[DEBUG]: Reading 400 bytes from /etc/os-release
2026-07-11 00:18:39,841 - util.py[DEBUG]: Reading from /etc/system-image/channel.ini (quiet=True)
2026-07-11 00:18:39,841 - util.py[DEBUG]: Reading 0 bytes from /etc/system-image/channel.ini
2026-07-11 00:18:39,842 - subp.py[DEBUG]: Running command ['groupadd', 'netdev'] with allowed return codes [0] (shell=False, capture=True)
2026-07-11 00:18:39,848 - distros[INFO]: Created new group netdev
2026-07-11 00:18:39,848 - distros[DEBUG]: created group 'netdev' for user 'installer'
2026-07-11 00:18:39,848 - distros[DEBUG]: Adding user installer
2026-07-11 00:18:39,848 - subp.py[DEBUG]: Running command ['useradd', 'installer', '--comment', 'Ubuntu', '--groups', 'adm,audio,cdrom,dialout,dip,floppy,lxd,netdev,plugdev,sudo,video', '--shell', '/usr/bin/subiquity-shell', '-m'] with allowed return codes [0] (shell=False, capture=True)
2026-07-11 00:18:39,858 - performance.py[DEBUG]: Running ['useradd', 'installer', '--comment', 'Ubuntu', '--groups', 'adm,audio,cdrom,dialout,dip,floppy,lxd,netdev,plugdev,sudo,video', '--shell', '/usr/bin/subiquity-shell', '-m'] took 0.010 seconds
2026-07-11 00:18:39,858 - lifecycle.py[DEBUG]: Not unlocking password for user installer. 'lock_passwd: false' present in user-data but no 'passwd'/'plain_text_passwd'/'hashed_passwd' provided in user-data
2026-07-11 00:18:39,859 - util.py[DEBUG]: Reading from /etc/sudoers (quiet=False)
2026-07-11 00:18:39,862 - util.py[DEBUG]: Reading 1800 bytes from /etc/sudoers
2026-07-11 00:18:39,863 - util.py[DEBUG]: Writing to /etc/sudoers.d/90-cloud-init-users - wb: [440] 145 bytes
2026-07-11 00:18:39,863 - handlers.py[DEBUG]: finish: init-network/config-users-groups: SUCCESS: config-users-groups ran successfully and took 0.025 seconds
2026-07-11 00:18:39,863 - modules.py[DEBUG]: Running module ssh (<module 'cloudinit.config.cc_ssh' from '/usr/lib/python3/dist-packages/cloudinit/config/cc_ssh.py'>) with frequency once-per-instance
2026-07-11 00:18:39,863 - handlers.py[DEBUG]: start: init-network/config-ssh: running config-ssh with frequency once-per-instance
2026-07-11 00:18:39,863 - util.py[DEBUG]: Writing to /var/lib/cloud/instances/nocloud/sem/config_ssh - wb: [644] 25 bytes
2026-07-11 00:18:39,864 - helpers.py[DEBUG]: Running config-ssh using lock (<FileLock using file '/var/lib/cloud/instances/nocloud/sem/config_ssh'>)
2026-07-11 00:18:39,864 - util.py[DEBUG]: Reading from /proc/sys/crypto/fips_enabled (quiet=False)
2026-07-11 00:18:39,864 - subp.py[DEBUG]: Running command ['ssh-keygen', '-t', 'rsa', '-N', '', '-f', '/etc/ssh/ssh_host_rsa_key'] with allowed return codes [0] (shell=False, capture=True)
2026-07-11 00:18:40,147 - performance.py[DEBUG]: Running ['ssh-keygen', '-t', 'rsa', '-N', '', '-f', '/etc/ssh/ssh_host_rsa_key'] took 0.283 seconds
2026-07-11 00:18:40,147 - subp.py[DEBUG]: Running command ['ssh-keygen', '-t', 'ecdsa', '-N', '', '-f', '/etc/ssh/ssh_host_ecdsa_key'] with allowed return codes [0] (shell=False, capture=True)
2026-07-11 00:18:40,155 - subp.py[DEBUG]: Running command ['ssh-keygen', '-t', 'ed25519', '-N', '', '-f', '/etc/ssh/ssh_host_ed25519_key'] with allowed return codes [0] (shell=False, capture=True)
2026-07-11 00:18:40,164 - util.py[DEBUG]: Reading from /etc/ssh/ssh_host_ed25519_key.pub (quiet=False)
2026-07-11 00:18:40,165 - util.py[DEBUG]: Reading 100 bytes from /etc/ssh/ssh_host_ed25519_key.pub
2026-07-11 00:18:40,165 - util.py[DEBUG]: Reading from /etc/ssh/ssh_host_ecdsa_key.pub (quiet=False)
2026-07-11 00:18:40,165 - util.py[DEBUG]: Reading 180 bytes from /etc/ssh/ssh_host_ecdsa_key.pub
2026-07-11 00:18:40,165 - util.py[DEBUG]: Reading from /etc/ssh/ssh_host_rsa_key.pub (quiet=False)
2026-07-11 00:18:40,165 - util.py[DEBUG]: Reading 572 bytes from /etc/ssh/ssh_host_rsa_key.pub
2026-07-11 00:18:40,166 - util.py[DEBUG]: Reading from /etc/ssh/sshd_config (quiet=False)
2026-07-11 00:18:40,166 - util.py[DEBUG]: Reading 3517 bytes from /etc/ssh/sshd_config
2026-07-11 00:18:40,168 - util.py[DEBUG]: Changing the ownership of /home/installer/.ssh to 1001:1002
2026-07-11 00:18:40,168 - util.py[DEBUG]: Writing to /home/installer/.ssh/authorized_keys - wb: [600] 0 bytes
2026-07-11 00:18:40,169 - util.py[DEBUG]: Changing the ownership of /home/installer/.ssh/authorized_keys to 1001:1002
2026-07-11 00:18:40,169 - util.py[DEBUG]: Reading from /home/installer/.ssh/authorized_keys (quiet=False)
2026-07-11 00:18:40,169 - util.py[DEBUG]: Reading 0 bytes from /home/installer/.ssh/authorized_keys
2026-07-11 00:18:40,170 - util.py[DEBUG]: Writing to /home/installer/.ssh/authorized_keys - wb: [600] 0 bytes
2026-07-11 00:18:40,171 - util.py[DEBUG]: Reading from /etc/ssh/sshd_config (quiet=False)
2026-07-11 00:18:40,171 - util.py[DEBUG]: Reading 3517 bytes from /etc/ssh/sshd_config
2026-07-11 00:18:40,171 - util.py[DEBUG]: Writing to /root/.ssh/authorized_keys - wb: [600] 0 bytes
2026-07-11 00:18:40,172 - util.py[DEBUG]: Changing the ownership of /root/.ssh/authorized_keys to 0:0
2026-07-11 00:18:40,172 - util.py[DEBUG]: Reading from /root/.ssh/authorized_keys (quiet=False)
2026-07-11 00:18:40,172 - util.py[DEBUG]: Reading 0 bytes from /root/.ssh/authorized_keys
2026-07-11 00:18:40,173 - util.py[DEBUG]: Writing to /root/.ssh/authorized_keys - wb: [600] 0 bytes
2026-07-11 00:18:40,174 - handlers.py[DEBUG]: finish: init-network/config-ssh: SUCCESS: config-ssh ran successfully and took 0.310 seconds
2026-07-11 00:18:40,174 - main.py[DEBUG]: Ran 2 modules with 0 failures
2026-07-11 00:18:40,174 - util.py[DEBUG]: Reading from /proc/uptime (quiet=False)
2026-07-11 00:18:40,174 - util.py[DEBUG]: Reading 12 bytes from /proc/uptime
2026-07-11 00:18:40,175 - atomic_helper.py[DEBUG]: Atomically writing to file /var/lib/cloud/data/status.json (via temporary file /var/lib/cloud/data/tmp7y2aabcq) - w: [644] 536 bytes/chars
2026-07-11 00:18:40,175 - performance.py[DEBUG]: cloud-init stage: 'init-network' took 0.489 seconds
2026-07-11 00:18:40,175 - handlers.py[DEBUG]: finish: init-network: SUCCESS: searching for network datasources
2026-07-11 00:18:41,229 - log_util.py[DEBUG]: Cloud-init v. 25.2-0ubuntu1~24.04.1 running 'modules:config' at Sat, 11 Jul 2026 00:18:41 +0000. Up 16.09 seconds.
2026-07-11 00:18:41,229 - main.py[INFO]: PID [1] started cloud-init 'modules:config'.
2026-07-11 00:18:41,439 - stages.py[DEBUG]: Using distro class <class 'cloudinit.distros.ubuntu.Distro'>
2026-07-11 00:18:41,440 - modules.py[INFO]: Skipping modules 'timezone,disable-ec2-metadata,runcmd' because no applicable config is provided.
2026-07-11 00:18:41,440 - modules.py[DEBUG]: Running module ssh-import-id (<module 'cloudinit.config.cc_ssh_import_id' from '/usr/lib/python3/dist-packages/cloudinit/config/cc_ssh_import_id.py'>) with frequency once-per-instance
2026-07-11 00:18:41,440 - handlers.py[DEBUG]: start: modules-config/config-ssh-import-id: running config-ssh-import-id with frequency once-per-instance
2026-07-11 00:18:41,440 - util.py[DEBUG]: Writing to /var/lib/cloud/instances/nocloud/sem/config_ssh_import_id - wb: [644] 24 bytes
2026-07-11 00:18:41,440 - helpers.py[DEBUG]: Running config-ssh-import-id using lock (<FileLock using file '/var/lib/cloud/instances/nocloud/sem/config_ssh_import_id'>)
2026-07-11 00:18:41,440 - cc_ssh_import_id.py[DEBUG]: Skipping module named ssh_import_id, no 'ssh_import_id' directives found.
2026-07-11 00:18:41,441 - handlers.py[DEBUG]: finish: modules-config/config-ssh-import-id: SUCCESS: config-ssh-import-id ran successfully and took 0.001 seconds
2026-07-11 00:18:41,441 - modules.py[DEBUG]: Running module set-passwords (<module 'cloudinit.config.cc_set_passwords' from '/usr/lib/python3/dist-packages/cloudinit/config/cc_set_passwords.py'>) with frequency once-per-instance
2026-07-11 00:18:41,441 - handlers.py[DEBUG]: start: modules-config/config-set-passwords: running config-set-passwords with frequency once-per-instance
2026-07-11 00:18:41,441 - util.py[DEBUG]: Writing to /var/lib/cloud/instances/nocloud/sem/config_set_passwords - wb: [644] 25 bytes
2026-07-11 00:18:41,441 - helpers.py[DEBUG]: Running config-set-passwords using lock (<FileLock using file '/var/lib/cloud/instances/nocloud/sem/config_set_passwords'>)
2026-07-11 00:18:41,441 - util.py[DEBUG]: Reading from /etc/ssh/sshd_config (quiet=False)
2026-07-11 00:18:41,441 - util.py[DEBUG]: Reading 3517 bytes from /etc/ssh/sshd_config
2026-07-11 00:18:41,441 - util.py[DEBUG]: Writing to /etc/ssh/sshd_config.d/50-cloud-init.conf - ab: [600] 0 bytes
2026-07-11 00:18:41,442 - util.py[DEBUG]: Reading from /etc/ssh/sshd_config.d/50-cloud-init.conf (quiet=False)
2026-07-11 00:18:41,442 - util.py[DEBUG]: Reading 0 bytes from /etc/ssh/sshd_config.d/50-cloud-init.conf
2026-07-11 00:18:41,442 - ssh_util.py[DEBUG]: line 1: option PasswordAuthentication added with yes
2026-07-11 00:18:41,442 - util.py[DEBUG]: Writing to /etc/ssh/sshd_config.d/50-cloud-init.conf - wb: [600] 27 bytes
2026-07-11 00:18:41,442 - subp.py[DEBUG]: Running command ['systemctl', 'show', '--property', 'ActiveState', '--value', 'ssh'] with allowed return codes [0] (shell=False, capture=True)
2026-07-11 00:18:41,829 - performance.py[DEBUG]: Running ['systemctl', 'show', '--property', 'ActiveState', '--value', 'ssh'] took 0.387 seconds
2026-07-11 00:18:41,829 - handlers.py[DEBUG]: finish: modules-config/config-set-passwords: SUCCESS: config-set-passwords ran successfully and took 0.388 seconds
2026-07-11 00:18:41,829 - main.py[DEBUG]: Ran 2 modules with 0 failures
2026-07-11 00:18:41,829 - util.py[DEBUG]: Reading from /proc/uptime (quiet=False)
2026-07-11 00:18:41,829 - util.py[DEBUG]: Reading 12 bytes from /proc/uptime
2026-07-11 00:18:41,830 - atomic_helper.py[DEBUG]: Atomically writing to file /var/lib/cloud/data/status.json (via temporary file /var/lib/cloud/data/tmpr0mnf_8c) - w: [644] 538 bytes/chars
2026-07-11 00:18:41,830 - performance.py[DEBUG]: cloud-init stage: 'modules-config' took 0.702 seconds
2026-07-11 00:18:41,830 - handlers.py[DEBUG]: finish: modules-config: SUCCESS: running modules for config
2026-07-11 00:18:49,266 - log_util.py[DEBUG]: Cloud-init v. 25.2-0ubuntu1~24.04.1 running 'modules:final' at Sat, 11 Jul 2026 00:18:49 +0000. Up 24.16 seconds.
2026-07-11 00:18:49,266 - main.py[INFO]: PID [1] started cloud-init 'modules:final'.
2026-07-11 00:18:49,281 - stages.py[DEBUG]: Using distro class <class 'cloudinit.distros.ubuntu.Distro'>
2026-07-11 00:18:49,281 - modules.py[INFO]: Skipping modules 'phone-home' because no applicable config is provided.
2026-07-11 00:18:49,282 - modules.py[DEBUG]: Running module scripts-per-once (<module 'cloudinit.config.cc_scripts_per_once' from '/usr/lib/python3/dist-packages/cloudinit/config/cc_scripts_per_once.py'>) with frequency once
2026-07-11 00:18:49,282 - handlers.py[DEBUG]: start: modules-final/config-scripts-per-once: running config-scripts-per-once with frequency once
2026-07-11 00:18:49,282 - util.py[DEBUG]: Writing to /var/lib/cloud/sem/config_scripts_per_once.once - wb: [644] 25 bytes
2026-07-11 00:18:49,282 - helpers.py[DEBUG]: Running config-scripts-per-once using lock (<FileLock using file '/var/lib/cloud/sem/config_scripts_per_once.once'>)
2026-07-11 00:18:49,282 - handlers.py[DEBUG]: finish: modules-final/config-scripts-per-once: SUCCESS: config-scripts-per-once ran successfully and took 0.001 seconds
2026-07-11 00:18:49,282 - modules.py[DEBUG]: Running module scripts-user (<module 'cloudinit.config.cc_scripts_user' from '/usr/lib/python3/dist-packages/cloudinit/config/cc_scripts_user.py'>) with frequency once-per-instance
2026-07-11 00:18:49,283 - handlers.py[DEBUG]: start: modules-final/config-scripts-user: running config-scripts-user with frequency once-per-instance
2026-07-11 00:18:49,283 - util.py[DEBUG]: Writing to /var/lib/cloud/instances/nocloud/sem/config_scripts_user - wb: [644] 25 bytes
2026-07-11 00:18:49,283 - helpers.py[DEBUG]: Running config-scripts-user using lock (<FileLock using file '/var/lib/cloud/instances/nocloud/sem/config_scripts_user'>)
2026-07-11 00:18:49,283 - handlers.py[DEBUG]: finish: modules-final/config-scripts-user: SUCCESS: config-scripts-user ran successfully and took 0.000 seconds
2026-07-11 00:18:49,283 - modules.py[DEBUG]: Running module ssh-authkey-fingerprints (<module 'cloudinit.config.cc_ssh_authkey_fingerprints' from '/usr/lib/python3/dist-packages/cloudinit/config/cc_ssh_authkey_fingerprints.py'>) with frequency once-per-instance
2026-07-11 00:18:49,283 - handlers.py[DEBUG]: start: modules-final/config-ssh-authkey-fingerprints: running config-ssh-authkey-fingerprints with frequency once-per-instance
2026-07-11 00:18:49,284 - util.py[DEBUG]: Writing to /var/lib/cloud/instances/nocloud/sem/config_ssh_authkey_fingerprints - wb: [644] 25 bytes
2026-07-11 00:18:49,284 - helpers.py[DEBUG]: Running config-ssh-authkey-fingerprints using lock (<FileLock using file '/var/lib/cloud/instances/nocloud/sem/config_ssh_authkey_fingerprints'>)
2026-07-11 00:18:49,284 - cc_ssh_authkey_fingerprints.py[DEBUG]: Skipping module named ssh-authkey-fingerprints, logging of SSH fingerprints disabled
2026-07-11 00:18:49,284 - handlers.py[DEBUG]: finish: modules-final/config-ssh-authkey-fingerprints: SUCCESS: config-ssh-authkey-fingerprints ran successfully and took 0.000 seconds
2026-07-11 00:18:49,284 - modules.py[DEBUG]: Running module keys-to-console (<module 'cloudinit.config.cc_keys_to_console' from '/usr/lib/python3/dist-packages/cloudinit/config/cc_keys_to_console.py'>) with frequency once-per-instance
2026-07-11 00:18:49,284 - handlers.py[DEBUG]: start: modules-final/config-keys-to-console: running config-keys-to-console with frequency once-per-instance
2026-07-11 00:18:49,284 - util.py[DEBUG]: Writing to /var/lib/cloud/instances/nocloud/sem/config_keys_to_console - wb: [644] 25 bytes
2026-07-11 00:18:49,285 - helpers.py[DEBUG]: Running config-keys-to-console using lock (<FileLock using file '/var/lib/cloud/instances/nocloud/sem/config_keys_to_console'>)
2026-07-11 00:18:49,285 - cc_keys_to_console.py[DEBUG]: Skipping module named keys-to-console, logging of SSH host keys disabled
2026-07-11 00:18:49,285 - handlers.py[DEBUG]: finish: modules-final/config-keys-to-console: SUCCESS: config-keys-to-console ran successfully and took 0.001 seconds
2026-07-11 00:18:49,285 - modules.py[DEBUG]: Running module final-message (<module 'cloudinit.config.cc_final_message' from '/usr/lib/python3/dist-packages/cloudinit/config/cc_final_message.py'>) with frequency always
2026-07-11 00:18:49,285 - handlers.py[DEBUG]: start: modules-final/config-final-message: running config-final-message with frequency always
2026-07-11 00:18:49,285 - helpers.py[DEBUG]: Running config-final-message using lock (<cloudinit.helpers.DummyLock object at 0x7116ea4627b0>)
2026-07-11 00:18:49,285 - util.py[DEBUG]: Reading from /proc/uptime (quiet=False)
2026-07-11 00:18:49,285 - util.py[DEBUG]: Reading 12 bytes from /proc/uptime
2026-07-11 00:18:49,293 - log_util.py[DEBUG]: Cloud-init v. 25.2-0ubuntu1~24.04.1 finished at Sat, 11 Jul 2026 00:18:49 +0000. Datasource DataSourceNoCloud [seed=/var/lib/cloud/seed/nocloud].  Up 24.21 seconds
2026-07-11 00:18:49,293 - util.py[DEBUG]: Writing to /var/lib/cloud/instance/boot-finished - wb: [644] 67 bytes
2026-07-11 00:18:49,294 - handlers.py[DEBUG]: finish: modules-final/config-final-message: SUCCESS: config-final-message ran successfully and took 0.009 seconds
2026-07-11 00:18:49,294 - main.py[DEBUG]: Ran 5 modules with 0 failures
2026-07-11 00:18:49,294 - util.py[DEBUG]: Reading from /proc/uptime (quiet=False)
2026-07-11 00:18:49,294 - util.py[DEBUG]: Reading 12 bytes from /proc/uptime
2026-07-11 00:18:49,294 - atomic_helper.py[DEBUG]: Atomically writing to file /var/lib/cloud/data/status.json (via temporary file /var/lib/cloud/data/tmpouivqxv_) - w: [644] 540 bytes/chars
2026-07-11 00:18:49,295 - atomic_helper.py[DEBUG]: Atomically writing to file /var/lib/cloud/data/result.json (via temporary file /var/lib/cloud/data/tmplwo6qfp4) - w: [644] 103 bytes/chars
2026-07-11 00:18:49,295 - util.py[DEBUG]: Creating symbolic link from '/run/cloud-init/result.json' => '../../var/lib/cloud/data/result.json'
2026-07-11 00:18:49,295 - performance.py[DEBUG]: cloud-init stage: 'modules-final' took 0.078 seconds
2026-07-11 00:18:49,295 - handlers.py[DEBUG]: finish: modules-final: SUCCESS: running modules for final
