Cloud-init v. 25.2-0ubuntu1~24.04.1 running 'init-local' at Sat, 11 Jul 2026 00:13:32 +0000. Up 14.07 seconds.
Cloud-init v. 25.2-0ubuntu1~24.04.1 running 'init' at Sat, 11 Jul 2026 00:13:33 +0000. Up 15.66 seconds.
ci-info: +++++++++++++++++++++++++++Net device info++++++++++++++++++++++++++++
ci-info: +--------+-------+-----------+-----------+-------+-------------------+
ci-info: | Device |   Up  |  Address  |    Mask   | Scope |     Hw-Address    |
ci-info: +--------+-------+-----------+-----------+-------+-------------------+
ci-info: | enp7s0 | False |     .     |     .     |   .   | 30:c5:99:46:3d:6a |
ci-info: |   lo   |  True | 127.0.0.1 | 255.0.0.0 |  host |         .         |
ci-info: |   lo   |  True |  ::1/128  |     .     |  host |         .         |
ci-info: +--------+-------+-----------+-----------+-------+-------------------+
ci-info: +++++++++++++++++++Route IPv6 info+++++++++++++++++++
ci-info: +-------+-------------+---------+-----------+-------+
ci-info: | Route | Destination | Gateway | Interface | Flags |
ci-info: +-------+-------------+---------+-----------+-------+
ci-info: +-------+-------------+---------+-----------+-------+
Generating public/private rsa key pair.
Your identification has been saved in /etc/ssh/ssh_host_rsa_key
Your public key has been saved in /etc/ssh/ssh_host_rsa_key.pub
The key fingerprint is:
SHA256:X87/CgzPCnHuoCe+02othxlito2uqgUP4b3ojUdO+v0 root@ubuntu-server
The key's randomart image is:
+---[RSA 3072]----+
|                 |
|                 |
|.                |
|...              |
|o. .    S o .    |
| +.o= .  = O     |
| .B+ = *o o B    |
|.ooo+ O.=+ . o   |
|+++=.+*E  o   oo.|
+----[SHA256]-----+
Generating public/private ecdsa key pair.
Your identification has been saved in /etc/ssh/ssh_host_ecdsa_key
Your public key has been saved in /etc/ssh/ssh_host_ecdsa_key.pub
The key fingerprint is:
SHA256:kBXBYPCswmoTSnPYyMHzRo3wg3m9Uft3lHLxukjzY6o root@ubuntu-server
The key's randomart image is:
+---[ECDSA 256]---+
| .  ..o++o   .   |
|. = ++.oo     +  |
| * * +=.   . + . |
|..X ..o..   + .  |
| Bo=..  S. + o   |
|o.=.      o = .  |
|oo         . =   |
|. .         o .  |
|         E..     |
+----[SHA256]-----+
Generating public/private ed25519 key pair.
Your identification has been saved in /etc/ssh/ssh_host_ed25519_key
Your public key has been saved in /etc/ssh/ssh_host_ed25519_key.pub
The key fingerprint is:
SHA256:zLXRAuyoXJexhwynAzltQriKE3Ua+gYiphz2I6Bihdo root@ubuntu-server
The key's randomart image is:
+--[ED25519 256]--+
|   o.o ..        |
|  + * + +. .     |
| o.= = B =+ .    |
|B=o.  =oB..+     |
|%*+. o oS..      |
|O+Eoo            |
|oo. .            |
|                 |
|                 |
+----[SHA256]-----+
Cloud-init v. 25.2-0ubuntu1~24.04.1 running 'modules:config' at Sat, 11 Jul 2026 00:13:36 +0000. Up 18.09 seconds.
Cloud-init v. 25.2-0ubuntu1~24.04.1 running 'modules:final' at Sat, 11 Jul 2026 00:13:41 +0000. Up 23.31 seconds.
Cloud-init v. 25.2-0ubuntu1~24.04.1 finished at Sat, 11 Jul 2026 00:13:41 +0000. Datasource DataSourceNoCloud [seed=/var/lib/cloud/seed/nocloud].  Up 23.36 seconds
