2026-07-11 00:13:44,174 curtin:120 Running command ['dpkg', '--print-architecture'] with allowed return codes [0] (capture=True)
2026-07-11 00:13:45,216 curtin.reporting.start.subiquity/Meta/status_GET:45 start: subiquity/Meta/status_GET: 
2026-07-11 00:13:45,217 curtin.reporting.finish.subiquity/Meta/status_GET:45 finish: subiquity/Meta/status_GET: SUCCESS: 200 {"state": "CLOUD_INIT_WAIT", "confirming_tty": "", "error": null, "nonreporta...
2026-07-11 00:13:45,219 curtin.reporting.start.subiquity/load_cloud_config:45 start: subiquity/load_cloud_config: 
2026-07-11 00:13:45,220 curtin.reporting.start.subiquity/load_cloud_config/extract_autoinstall:45 start: subiquity/load_cloud_config/extract_autoinstall: 
2026-07-11 00:13:45,220 curtin.reporting.start.subiquity/load_cloud_config/extract_autoinstall:45 start: subiquity/load_cloud_config/extract_autoinstall: 
2026-07-11 00:13:45,659 curtin.reporting.start.subiquity/Meta/status_GET:45 start: subiquity/Meta/status_GET: 
2026-07-11 00:13:46,817 curtin.reporting.finish.subiquity/load_cloud_config/extract_autoinstall:45 finish: subiquity/load_cloud_config/extract_autoinstall: SUCCESS: 
2026-07-11 00:13:46,818 curtin.reporting.finish.subiquity/load_cloud_config:45 finish: subiquity/load_cloud_config: SUCCESS: 
2026-07-11 00:13:46,875 curtin.reporting.start.subiquity/load_autoinstall_config:45 start: subiquity/load_autoinstall_config: 
2026-07-11 00:13:46,875 curtin.reporting.finish.subiquity/load_autoinstall_config:45 finish: subiquity/load_autoinstall_config: SUCCESS: 
2026-07-11 00:13:46,875 curtin.reporting.start.subiquity/load_autoinstall_config:45 start: subiquity/load_autoinstall_config: 
2026-07-11 00:13:46,876 curtin.reporting.finish.subiquity/load_autoinstall_config:45 finish: subiquity/load_autoinstall_config: SUCCESS: 
2026-07-11 00:13:47,187 probert.multipath:48 Extracted multipath maps fields: ['ok']
2026-07-11 00:13:47,187 probert.multipath:52 Failed to parse multipath maps entry: ok: MMap.__new__() missing 2 required positional arguments: 'sysfs' and 'paths'
2026-07-11 00:13:47,191 probert.multipath:48 Extracted multipath paths fields: ['sda', 'S0VYNYAC120490', '[orphan]', '[undef]', 'ata-2.00', '[undef]', '[undef]', '[undef]']
2026-07-11 00:13:47,994 probert.dasd:134 Probing DASD devies
2026-07-11 00:13:47,994 probert.dasd:137 DASD devices only present on s390x, arch=x86_64
2026-07-11 00:13:48,374 probert.utils:85 Command `/usr/sbin/dumpe2fs -h /dev/sdb4` exited with result: 0
2026-07-11 00:13:48,374 probert.utils:48 stdout: ------------------------------------------
2026-07-11 00:13:48,374 probert.utils:50 Filesystem volume name:   writable
2026-07-11 00:13:48,375 probert.utils:50 Last mounted on:          /root/var/crash
2026-07-11 00:13:48,375 probert.utils:50 Filesystem UUID:          007bdeff-7967-4c74-9d66-03eb9a6ae192
2026-07-11 00:13:48,375 probert.utils:50 Filesystem magic number:  0xEF53
2026-07-11 00:13:48,375 probert.utils:50 Filesystem revision #:    1 (dynamic)
2026-07-11 00:13:48,375 probert.utils:50 Filesystem features:      has_journal ext_attr resize_inode dir_index filetype needs_recovery extent 64bit flex_bg sparse_super large_file huge_file dir_nlink extra_isize metadata_csum
2026-07-11 00:13:48,375 probert.utils:50 Filesystem flags:         signed_directory_hash 
2026-07-11 00:13:48,375 probert.utils:50 Default mount options:    user_xattr acl
2026-07-11 00:13:48,375 probert.utils:50 Filesystem state:         clean
2026-07-11 00:13:48,375 probert.utils:50 Errors behavior:          Continue
2026-07-11 00:13:48,375 probert.utils:50 Filesystem OS type:       Linux
2026-07-11 00:13:48,376 probert.utils:50 Inode count:              281120
2026-07-11 00:13:48,376 probert.utils:50 Block count:              1124096
2026-07-11 00:13:48,376 probert.utils:50 Reserved block count:     56204
2026-07-11 00:13:48,376 probert.utils:50 Overhead clusters:        38424
2026-07-11 00:13:48,376 probert.utils:50 Free blocks:              1084948
2026-07-11 00:13:48,376 probert.utils:50 Free inodes:              280979
2026-07-11 00:13:48,376 probert.utils:50 First block:              0
2026-07-11 00:13:48,376 probert.utils:50 Block size:               4096
2026-07-11 00:13:48,376 probert.utils:50 Fragment size:            4096
2026-07-11 00:13:48,376 probert.utils:50 Group descriptor size:    64
2026-07-11 00:13:48,376 probert.utils:50 Reserved GDT blocks:      548
2026-07-11 00:13:48,377 probert.utils:50 Blocks per group:         32768
2026-07-11 00:13:48,377 probert.utils:50 Fragments per group:      32768
2026-07-11 00:13:48,377 probert.utils:50 Inodes per group:         8032
2026-07-11 00:13:48,377 probert.utils:50 Inode blocks per group:   502
2026-07-11 00:13:48,377 probert.utils:50 Flex block group size:    16
2026-07-11 00:13:48,377 probert.utils:50 Filesystem created:       Fri Jul 10 23:38:16 2026
2026-07-11 00:13:48,377 probert.utils:50 Last mount time:          Sat Jul 11 00:13:22 2026
2026-07-11 00:13:48,377 probert.utils:50 Last write time:          Sat Jul 11 00:13:22 2026
2026-07-11 00:13:48,377 probert.utils:50 Mount count:              5
2026-07-11 00:13:48,377 probert.utils:50 Maximum mount count:      -1
2026-07-11 00:13:48,377 probert.utils:50 Last checked:             Fri Jul 10 23:38:16 2026
2026-07-11 00:13:48,378 probert.utils:50 Check interval:           0 (<none>)
2026-07-11 00:13:48,378 probert.utils:50 Lifetime writes:          2529 kB
2026-07-11 00:13:48,378 probert.utils:50 Reserved blocks uid:      0 (user root)
2026-07-11 00:13:48,378 probert.utils:50 Reserved blocks gid:      0 (group root)
2026-07-11 00:13:48,378 probert.utils:50 First inode:              11
2026-07-11 00:13:48,378 probert.utils:50 Inode size:	          256
2026-07-11 00:13:48,378 probert.utils:50 Required extra isize:     32
2026-07-11 00:13:48,378 probert.utils:50 Desired extra isize:      32
2026-07-11 00:13:48,378 probert.utils:50 Journal inode:            8
2026-07-11 00:13:48,378 probert.utils:50 Default directory hash:   half_md4
2026-07-11 00:13:48,378 probert.utils:50 Directory Hash Seed:      2a7f6631-f20d-4735-95e9-6e9260d96f7c
2026-07-11 00:13:48,379 probert.utils:50 Journal backup:           inode blocks
2026-07-11 00:13:48,379 probert.utils:50 Checksum type:            crc32c
2026-07-11 00:13:48,379 probert.utils:50 Checksum:                 0x1255abd0
2026-07-11 00:13:48,379 probert.utils:50 Journal features:         journal_64bit journal_checksum_v3
2026-07-11 00:13:48,379 probert.utils:50 Total journal size:       64M
2026-07-11 00:13:48,379 probert.utils:50 Total journal blocks:     16384
2026-07-11 00:13:48,379 probert.utils:50 Max transaction length:   16384
2026-07-11 00:13:48,379 probert.utils:50 Fast commit length:       0
2026-07-11 00:13:48,379 probert.utils:50 Journal sequence:         0x00000059
2026-07-11 00:13:48,379 probert.utils:50 Journal start:            495
2026-07-11 00:13:48,379 probert.utils:50 Journal checksum type:    crc32c
2026-07-11 00:13:48,380 probert.utils:50 Journal checksum:         0xf764f259
2026-07-11 00:13:48,380 probert.utils:50 
2026-07-11 00:13:48,380 probert.utils:48 stderr: ------------------------------------------
2026-07-11 00:13:48,380 probert.utils:50 dumpe2fs 1.47.0 (5-Feb-2023)
2026-07-11 00:13:48,380 probert.utils:88 --------------------------------------------------
2026-07-11 00:13:48,405 probert.utils:85 Command `/usr/sbin/resize2fs -P /dev/sdb4` exited with result: 0
2026-07-11 00:13:48,405 probert.utils:48 stdout: ------------------------------------------
2026-07-11 00:13:48,405 probert.utils:50 Estimated minimum size of the filesystem: 28636
2026-07-11 00:13:48,406 probert.utils:48 stderr: ------------------------------------------
2026-07-11 00:13:48,406 probert.utils:50 resize2fs 1.47.0 (5-Feb-2023)
2026-07-11 00:13:48,406 probert.utils:88 --------------------------------------------------
2026-07-11 00:13:48,412 curtin:1445 Extracting storage config from probe data
2026-07-11 00:13:48,412 curtin:73 /dev/sdb is multipath device member? False
2026-07-11 00:13:48,412 curtin:86 /dev/sdb is multipath device partition? False
2026-07-11 00:13:48,412 curtin:61 /dev/sdb is multipath device? False
2026-07-11 00:13:48,412 curtin:86 /dev/sdb is multipath device partition? False
2026-07-11 00:13:48,413 curtin:61 /dev/sdb is multipath device? False
2026-07-11 00:13:48,449 curtin:73 /dev/sdb1 is multipath device member? False
2026-07-11 00:13:48,449 curtin:86 /dev/sdb1 is multipath device partition? False
2026-07-11 00:13:48,449 curtin:61 /dev/sdb1 is multipath device? False
2026-07-11 00:13:48,449 curtin:86 /dev/sdb1 is multipath device partition? False
2026-07-11 00:13:48,449 curtin:86 /dev/sdb1 is multipath device partition? False
2026-07-11 00:13:48,467 curtin:73 /dev/sdb2 is multipath device member? False
2026-07-11 00:13:48,467 curtin:86 /dev/sdb2 is multipath device partition? False
2026-07-11 00:13:48,467 curtin:61 /dev/sdb2 is multipath device? False
2026-07-11 00:13:48,467 curtin:86 /dev/sdb2 is multipath device partition? False
2026-07-11 00:13:48,467 curtin:86 /dev/sdb2 is multipath device partition? False
2026-07-11 00:13:48,479 curtin:73 /dev/sdb3 is multipath device member? False
2026-07-11 00:13:48,479 curtin:86 /dev/sdb3 is multipath device partition? False
2026-07-11 00:13:48,479 curtin:61 /dev/sdb3 is multipath device? False
2026-07-11 00:13:48,479 curtin:86 /dev/sdb3 is multipath device partition? False
2026-07-11 00:13:48,479 curtin:86 /dev/sdb3 is multipath device partition? False
2026-07-11 00:13:48,492 curtin:73 /dev/sdb4 is multipath device member? False
2026-07-11 00:13:48,492 curtin:86 /dev/sdb4 is multipath device partition? False
2026-07-11 00:13:48,492 curtin:61 /dev/sdb4 is multipath device? False
2026-07-11 00:13:48,492 curtin:86 /dev/sdb4 is multipath device partition? False
2026-07-11 00:13:48,493 curtin:86 /dev/sdb4 is multipath device partition? False
2026-07-11 00:13:48,505 curtin:73 /dev/sda is multipath device member? False
2026-07-11 00:13:48,505 curtin:86 /dev/sda is multipath device partition? False
2026-07-11 00:13:48,505 curtin:61 /dev/sda is multipath device? False
2026-07-11 00:13:48,505 curtin:86 /dev/sda is multipath device partition? False
2026-07-11 00:13:48,505 curtin:61 /dev/sda is multipath device? False
2026-07-11 00:13:48,517 curtin:73 /dev/sdb is multipath device member? False
2026-07-11 00:13:48,529 curtin:73 /dev/sdb1 is multipath device member? False
2026-07-11 00:13:48,540 curtin:73 /dev/sdb2 is multipath device member? False
2026-07-11 00:13:48,552 curtin:73 /dev/sdb4 is multipath device member? False
2026-07-11 00:13:48,576 curtin:1452 Sorting extracted configurations
2026-07-11 00:13:48,576 curtin:1472 Validating extracted storage config components
2026-07-11 00:13:48,595 curtin:1489 Extracted (unmerged) storage config:
storage:
-   id: disk-sdb
    path: /dev/sdb
    ptable: gpt
    serial: Kingston_DataTraveler_G3_001CC0EC33B0FBB0A70C2400-0:0
    type: disk
-   id: disk-sda
    path: /dev/sda
    ptable: gpt
    serial: SAMSUNG_SSD_830_Series_S0VYNYAC120490
    type: disk
    wwn: '0x5002538043584d30'
-   device: disk-sdb
    id: partition-sdb1
    number: 1
    offset: 32768
    partition_type: ebd0a0a2-b9e5-4433-87c0-68b6b72699c7
    path: /dev/sdb1
    size: 3399895040
    type: partition
    uuid: e31cd2b7-3ec9-4171-9685-7f881c25604d
-   device: disk-sdb
    flag: boot
    id: partition-sdb2
    number: 2
    offset: 3399927808
    partition_type: c12a7328-f81f-11d2-ba4b-00a0c93ec93b
    path: /dev/sdb2
    size: 5201920
    type: partition
    uuid: e31cd2b7-3ec9-4171-9686-7f881c25604d
-   device: disk-sdb
    id: partition-sdb3
    number: 3
    offset: 3405129728
    partition_type: ebd0a0a2-b9e5-4433-87c0-68b6b72699c7
    path: /dev/sdb3
    size: 307200
    type: partition
    uuid: e31cd2b7-3ec9-4171-9687-7f881c25604d
-   device: disk-sdb
    flag: linux
    id: partition-sdb4
    number: 4
    offset: 3405774848
    partition_type: 0fc63daf-8483-4772-8e79-3d69d8477de4
    path: /dev/sdb4
    size: 4604297216
    type: partition
    uuid: e2e36e73-a0b3-4258-9f10-bf563f866155
-   fstype: iso9660
    id: format-disk-sdb
    type: format
    volume: disk-sdb
-   fstype: iso9660
    id: format-partition-sdb1
    type: format
    volume: partition-sdb1
-   fstype: vfat
    id: format-partition-sdb2
    type: format
    volume: partition-sdb2
-   fstype: ext4
    id: format-partition-sdb4
    type: format
    uuid: 007bdeff-7967-4c74-9d66-03eb9a6ae192
    volume: partition-sdb4
-   device: format-partition-sdb1
    id: mount-partition-sdb1
    path: /cdrom
    type: mount

2026-07-11 00:13:48,595 curtin:1493 Generating storage config dependencies
2026-07-11 00:13:48,595 curtin:244 Validate: partition-sdb1:SourceType:partition -> (DepId:disk-sdb DepType:disk) in SourceDeps:{'bcache', 'disk', 'raid', 'partition'} ? result=True
2026-07-11 00:13:48,595 curtin:244 Validate: partition-sdb2:SourceType:partition -> (DepId:disk-sdb DepType:disk) in SourceDeps:{'bcache', 'disk', 'raid', 'partition'} ? result=True
2026-07-11 00:13:48,595 curtin:244 Validate: partition-sdb3:SourceType:partition -> (DepId:disk-sdb DepType:disk) in SourceDeps:{'bcache', 'disk', 'raid', 'partition'} ? result=True
2026-07-11 00:13:48,595 curtin:244 Validate: partition-sdb4:SourceType:partition -> (DepId:disk-sdb DepType:disk) in SourceDeps:{'bcache', 'disk', 'raid', 'partition'} ? result=True
2026-07-11 00:13:48,595 curtin:244 Validate: format-disk-sdb:SourceType:format -> (DepId:disk-sdb DepType:disk) in SourceDeps:{'disk', 'dm_crypt', 'lvm_partition', 'raid', 'bcache', 'partition'} ? result=True
2026-07-11 00:13:48,595 curtin:244 Validate: format-partition-sdb1:SourceType:format -> (DepId:partition-sdb1 DepType:partition) in SourceDeps:{'disk', 'dm_crypt', 'lvm_partition', 'raid', 'bcache', 'partition'} ? result=True
2026-07-11 00:13:48,595 curtin:244 Validate: partition-sdb1:SourceType:partition -> (DepId:disk-sdb DepType:disk) in SourceDeps:{'bcache', 'disk', 'raid', 'partition'} ? result=True
2026-07-11 00:13:48,595 curtin:244 Validate: format-partition-sdb2:SourceType:format -> (DepId:partition-sdb2 DepType:partition) in SourceDeps:{'disk', 'dm_crypt', 'lvm_partition', 'raid', 'bcache', 'partition'} ? result=True
2026-07-11 00:13:48,596 curtin:244 Validate: partition-sdb2:SourceType:partition -> (DepId:disk-sdb DepType:disk) in SourceDeps:{'bcache', 'disk', 'raid', 'partition'} ? result=True
2026-07-11 00:13:48,596 curtin:244 Validate: format-partition-sdb4:SourceType:format -> (DepId:partition-sdb4 DepType:partition) in SourceDeps:{'disk', 'dm_crypt', 'lvm_partition', 'raid', 'bcache', 'partition'} ? result=True
2026-07-11 00:13:48,596 curtin:244 Validate: partition-sdb4:SourceType:partition -> (DepId:disk-sdb DepType:disk) in SourceDeps:{'bcache', 'disk', 'raid', 'partition'} ? result=True
2026-07-11 00:13:48,596 curtin:244 Validate: mount-partition-sdb1:SourceType:mount -> (DepId:format-partition-sdb1 DepType:format) in SourceDeps:{'format'} ? result=True
2026-07-11 00:13:48,596 curtin:244 Validate: format-partition-sdb1:SourceType:format -> (DepId:partition-sdb1 DepType:partition) in SourceDeps:{'disk', 'dm_crypt', 'lvm_partition', 'raid', 'bcache', 'partition'} ? result=True
2026-07-11 00:13:48,596 curtin:244 Validate: partition-sdb1:SourceType:partition -> (DepId:disk-sdb DepType:disk) in SourceDeps:{'bcache', 'disk', 'raid', 'partition'} ? result=True
2026-07-11 00:13:48,596 curtin:1499 Merging storage config dependencies
2026-07-11 00:13:48,600 curtin:1504 Merged storage config:
storage:
    config:
    -   id: disk-sda
        path: /dev/sda
        ptable: gpt
        serial: SAMSUNG_SSD_830_Series_S0VYNYAC120490
        type: disk
        wwn: '0x5002538043584d30'
    -   id: disk-sdb
        path: /dev/sdb
        ptable: gpt
        serial: Kingston_DataTraveler_G3_001CC0EC33B0FBB0A70C2400-0:0
        type: disk
    -   fstype: iso9660
        id: format-disk-sdb
        type: format
        volume: disk-sdb
    -   device: disk-sdb
        id: partition-sdb1
        number: 1
        offset: 32768
        partition_type: ebd0a0a2-b9e5-4433-87c0-68b6b72699c7
        path: /dev/sdb1
        size: 3399895040
        type: partition
        uuid: e31cd2b7-3ec9-4171-9685-7f881c25604d
    -   device: disk-sdb
        flag: boot
        id: partition-sdb2
        number: 2
        offset: 3399927808
        partition_type: c12a7328-f81f-11d2-ba4b-00a0c93ec93b
        path: /dev/sdb2
        size: 5201920
        type: partition
        uuid: e31cd2b7-3ec9-4171-9686-7f881c25604d
    -   device: disk-sdb
        id: partition-sdb3
        number: 3
        offset: 3405129728
        partition_type: ebd0a0a2-b9e5-4433-87c0-68b6b72699c7
        path: /dev/sdb3
        size: 307200
        type: partition
        uuid: e31cd2b7-3ec9-4171-9687-7f881c25604d
    -   device: disk-sdb
        flag: linux
        id: partition-sdb4
        number: 4
        offset: 3405774848
        partition_type: 0fc63daf-8483-4772-8e79-3d69d8477de4
        path: /dev/sdb4
        size: 4604297216
        type: partition
        uuid: e2e36e73-a0b3-4258-9f10-bf563f866155
    -   fstype: iso9660
        id: format-partition-sdb1
        type: format
        volume: partition-sdb1
    -   fstype: vfat
        id: format-partition-sdb2
        type: format
        volume: partition-sdb2
    -   fstype: ext4
        id: format-partition-sdb4
        type: format
        uuid: 007bdeff-7967-4c74-9d66-03eb9a6ae192
        volume: partition-sdb4
    -   device: format-partition-sdb1
        id: mount-partition-sdb1
        path: /cdrom
        type: mount
    version: 2

