2026-07-10 23:38:44,073 - log_util.py[DEBUG]: Cloud-init v. 25.2-0ubuntu1~24.04.1 running 'init-local' at Fri, 10 Jul 2026 23:38:44 +0000. Up 33.08 seconds.
2026-07-10 23:38:44,073 - main.py[INFO]: PID [1] started cloud-init 'init-local'.
2026-07-10 23:38:44,073 - main.py[DEBUG]: No kernel command line url found.
2026-07-10 23:38:44,073 - main.py[DEBUG]: Closing stdin
2026-07-10 23:38:44,075 - util.py[DEBUG]: Writing to /var/log/cloud-init.log - ab: [640] 0 bytes
2026-07-10 23:38:44,076 - util.py[DEBUG]: Changing the ownership of /var/log/cloud-init.log to 103:4
2026-07-10 23:38:44,076 - util.py[DEBUG]: Writing to /var/lib/cloud/data/python-version - wb: [644] 4 bytes
2026-07-10 23:38:44,076 - util.py[DEBUG]: Attempting to remove /var/lib/cloud/instance/boot-finished
2026-07-10 23:38:44,077 - handlers.py[DEBUG]: start: init-local/check-cache: attempting to read from cache [check]
2026-07-10 23:38:44,077 - util.py[DEBUG]: Reading from /var/lib/cloud/instance/obj.pkl (quiet=False)
2026-07-10 23:38:44,077 - stages.py[DEBUG]: no cache found
2026-07-10 23:38:44,077 - handlers.py[DEBUG]: finish: init-local/check-cache: SUCCESS: no cache found
2026-07-10 23:38:44,084 - stages.py[DEBUG]: Using distro class <class 'cloudinit.distros.ubuntu.Distro'>
2026-07-10 23:38:44,086 - sources[DEBUG]: Looking for data source in: ['NoCloud', 'None'], via packages ['', 'cloudinit.sources'] that matches dependencies ['FILESYSTEM']
2026-07-10 23:38:44,094 - sources[DEBUG]: Searching for local data source in: ['DataSourceNoCloud']
2026-07-10 23:38:44,095 - handlers.py[DEBUG]: start: init-local/search-NoCloud: searching for local data from DataSourceNoCloud
2026-07-10 23:38:44,095 - sources[DEBUG]: Seeing if we can get any data from <class 'cloudinit.sources.DataSourceNoCloud.DataSourceNoCloud'>
2026-07-10 23:38:44,095 - sources[DEBUG]: Update datasource metadata and network config due to events: boot-new-instance
2026-07-10 23:38:44,095 - sources[DEBUG]: Detected DataSourceNoCloud 
2026-07-10 23:38:44,095 - dmi.py[DEBUG]: querying dmi data /sys/class/dmi/id/product_serial
2026-07-10 23:38:44,095 - util.py[DEBUG]: Reading from /var/lib/cloud/seed/nocloud/user-data (quiet=False)
2026-07-10 23:38:44,095 - util.py[DEBUG]: Reading 0 bytes from /var/lib/cloud/seed/nocloud/user-data
2026-07-10 23:38:44,095 - util.py[DEBUG]: Reading from /var/lib/cloud/seed/nocloud/meta-data (quiet=False)
2026-07-10 23:38:44,095 - util.py[DEBUG]: Reading 0 bytes from /var/lib/cloud/seed/nocloud/meta-data
2026-07-10 23:38:44,095 - util.py[DEBUG]: Reading from /var/lib/cloud/seed/nocloud/vendor-data (quiet=False)
2026-07-10 23:38:44,095 - util.py[DEBUG]: Reading from /var/lib/cloud/seed/nocloud/network-config (quiet=False)
2026-07-10 23:38:44,096 - DataSourceNoCloud.py[DEBUG]: Using seeded data from /var/lib/cloud/seed/nocloud
2026-07-10 23:38:44,096 - util.py[DEBUG]: Attempting to load yaml from string of length 0 with allowed root types (<class 'dict'>,)
2026-07-10 23:38:44,096 - util.py[DEBUG]: loaded blob returned None, returning default.
2026-07-10 23:38:44,096 - subp.py[DEBUG]: Running command ['blkid', '-tTYPE=vfat', '-odevice'] with allowed return codes [0, 2] (shell=False, capture=True)
2026-07-10 23:38:44,157 - performance.py[DEBUG]: Running ['blkid', '-tTYPE=vfat', '-odevice'] took 0.062 seconds
2026-07-10 23:38:44,158 - subp.py[DEBUG]: Running command ['blkid', '-tTYPE=iso9660', '-odevice'] with allowed return codes [0, 2] (shell=False, capture=True)
2026-07-10 23:38:44,168 - performance.py[DEBUG]: Running ['blkid', '-tTYPE=iso9660', '-odevice'] took 0.011 seconds
2026-07-10 23:38:44,168 - subp.py[DEBUG]: Running command ['blkid', '-tLABEL=CIDATA', '-odevice'] with allowed return codes [0, 2] (shell=False, capture=True)
2026-07-10 23:38:44,179 - performance.py[DEBUG]: Running ['blkid', '-tLABEL=CIDATA', '-odevice'] took 0.011 seconds
2026-07-10 23:38:44,180 - subp.py[DEBUG]: Running command ['blkid', '-tLABEL=cidata', '-odevice'] with allowed return codes [0, 2] (shell=False, capture=True)
2026-07-10 23:38:44,190 - performance.py[DEBUG]: Running ['blkid', '-tLABEL=cidata', '-odevice'] took 0.011 seconds
2026-07-10 23:38:44,190 - subp.py[DEBUG]: Running command ['blkid', '-tLABEL_FATBOOT=cidata', '-odevice'] with allowed return codes [0, 2] (shell=False, capture=True)
2026-07-10 23:38:44,201 - performance.py[DEBUG]: Running ['blkid', '-tLABEL_FATBOOT=cidata', '-odevice'] took 0.011 seconds
2026-07-10 23:38:44,202 - util.py[DEBUG]: Reading from /etc/hosts (quiet=False)
2026-07-10 23:38:44,202 - util.py[DEBUG]: Reading 250 bytes from /etc/hosts
2026-07-10 23:38:44,203 - util.py[DEBUG]: Writing to /run/cloud-init/cloud-id-nocloud - wb: [644] 8 bytes
2026-07-10 23:38:44,204 - util.py[DEBUG]: Creating symbolic link from '/run/cloud-init/cloud-id' => '/run/cloud-init/cloud-id-nocloud'
2026-07-10 23:38:44,204 - atomic_helper.py[DEBUG]: Atomically writing to file /run/cloud-init/instance-data-sensitive.json (via temporary file /run/cloud-init/tmp204duyno) - w: [600] 7457 bytes/chars
2026-07-10 23:38:44,205 - atomic_helper.py[DEBUG]: Atomically writing to file /run/cloud-init/instance-data.json (via temporary file /run/cloud-init/tmpnuwsvbwy) - w: [644] 1524 bytes/chars
2026-07-10 23:38:44,205 - performance.py[DEBUG]: Getting metadata took 0.110 seconds
2026-07-10 23:38:44,205 - handlers.py[DEBUG]: finish: init-local/search-NoCloud: SUCCESS: found local data from DataSourceNoCloud
2026-07-10 23:38:44,205 - util.py[DEBUG]: Attempting to remove /var/lib/cloud/instance
2026-07-10 23:38:44,205 - stages.py[INFO]: Loaded datasource DataSourceNoCloud - DataSourceNoCloud [seed=/var/lib/cloud/seed/nocloud]
2026-07-10 23:38:44,205 - util.py[DEBUG]: Reading from /etc/cloud/cloud.cfg (quiet=False)
2026-07-10 23:38:44,206 - util.py[DEBUG]: Reading 3487 bytes from /etc/cloud/cloud.cfg
2026-07-10 23:38:44,206 - util.py[DEBUG]: Attempting to load yaml from string of length 3487 with allowed root types (<class 'dict'>,)
2026-07-10 23:38:44,218 - util.py[DEBUG]: Reading from /etc/cloud/cloud.cfg.d/90_dpkg.cfg (quiet=False)
2026-07-10 23:38:44,218 - util.py[DEBUG]: Reading 343 bytes from /etc/cloud/cloud.cfg.d/90_dpkg.cfg
2026-07-10 23:38:44,218 - util.py[DEBUG]: Attempting to load yaml from string of length 343 with allowed root types (<class 'dict'>,)
2026-07-10 23:38:44,219 - util.py[DEBUG]: Reading from /etc/cloud/cloud.cfg.d/06_quiet.cfg (quiet=False)
2026-07-10 23:38:44,219 - util.py[DEBUG]: Reading 112 bytes from /etc/cloud/cloud.cfg.d/06_quiet.cfg
2026-07-10 23:38:44,219 - util.py[DEBUG]: Attempting to load yaml from string of length 112 with allowed root types (<class 'dict'>,)
2026-07-10 23:38:44,220 - util.py[DEBUG]: Reading from /etc/cloud/cloud.cfg.d/05_logging.cfg (quiet=False)
2026-07-10 23:38:44,220 - util.py[DEBUG]: Reading 2071 bytes from /etc/cloud/cloud.cfg.d/05_logging.cfg
2026-07-10 23:38:44,220 - util.py[DEBUG]: Attempting to load yaml from string of length 2071 with allowed root types (<class 'dict'>,)
2026-07-10 23:38:44,222 - util.py[DEBUG]: Reading from /run/cloud-init/cloud.cfg (quiet=False)
2026-07-10 23:38:44,222 - util.py[DEBUG]: Reading 35 bytes from /run/cloud-init/cloud.cfg
2026-07-10 23:38:44,222 - util.py[DEBUG]: Attempting to load yaml from string of length 35 with allowed root types (<class 'dict'>,)
2026-07-10 23:38:44,222 - util.py[DEBUG]: Attempting to load yaml from string of length 0 with allowed root types (<class 'dict'>,)
2026-07-10 23:38:44,222 - util.py[DEBUG]: loaded blob returned None, returning default.
2026-07-10 23:38:44,222 - util.py[DEBUG]: Attempting to remove /var/lib/cloud/instance
2026-07-10 23:38:44,222 - util.py[DEBUG]: Creating symbolic link from '/var/lib/cloud/instance' => '/var/lib/cloud/instances/nocloud'
2026-07-10 23:38:44,223 - util.py[DEBUG]: Reading from /var/lib/cloud/instances/nocloud/datasource (quiet=False)
2026-07-10 23:38:44,223 - util.py[DEBUG]: Writing to /var/lib/cloud/instances/nocloud/datasource - wb: [644] 72 bytes
2026-07-10 23:38:44,223 - util.py[DEBUG]: Writing to /var/lib/cloud/data/previous-datasource - wb: [644] 72 bytes
2026-07-10 23:38:44,224 - util.py[DEBUG]: Reading from /var/lib/cloud/data/instance-id (quiet=False)
2026-07-10 23:38:44,224 - stages.py[DEBUG]: previous iid found to be NO_PREVIOUS_INSTANCE_ID
2026-07-10 23:38:44,224 - util.py[DEBUG]: Writing to /var/lib/cloud/data/instance-id - wb: [644] 8 bytes
2026-07-10 23:38:44,224 - util.py[DEBUG]: Writing to /run/cloud-init/.instance-id - wb: [644] 8 bytes
2026-07-10 23:38:44,224 - util.py[DEBUG]: Writing to /var/lib/cloud/data/previous-instance-id - wb: [644] 24 bytes
2026-07-10 23:38:44,225 - util.py[DEBUG]: Writing to /var/lib/cloud/instance/obj.pkl - wb: [400] 6350 bytes
2026-07-10 23:38:44,225 - main.py[DEBUG]: [local] init will now be targeting instance id: nocloud. new=True
2026-07-10 23:38:44,225 - util.py[DEBUG]: Reading from /etc/cloud/cloud.cfg (quiet=False)
2026-07-10 23:38:44,225 - util.py[DEBUG]: Reading 3487 bytes from /etc/cloud/cloud.cfg
2026-07-10 23:38:44,225 - util.py[DEBUG]: Attempting to load yaml from string of length 3487 with allowed root types (<class 'dict'>,)
2026-07-10 23:38:44,231 - util.py[DEBUG]: Reading from /etc/cloud/cloud.cfg.d/90_dpkg.cfg (quiet=False)
2026-07-10 23:38:44,231 - util.py[DEBUG]: Reading 343 bytes from /etc/cloud/cloud.cfg.d/90_dpkg.cfg
2026-07-10 23:38:44,231 - util.py[DEBUG]: Attempting to load yaml from string of length 343 with allowed root types (<class 'dict'>,)
2026-07-10 23:38:44,232 - util.py[DEBUG]: Reading from /etc/cloud/cloud.cfg.d/06_quiet.cfg (quiet=False)
2026-07-10 23:38:44,233 - util.py[DEBUG]: Reading 112 bytes from /etc/cloud/cloud.cfg.d/06_quiet.cfg
2026-07-10 23:38:44,233 - util.py[DEBUG]: Attempting to load yaml from string of length 112 with allowed root types (<class 'dict'>,)
2026-07-10 23:38:44,233 - util.py[DEBUG]: Reading from /etc/cloud/cloud.cfg.d/05_logging.cfg (quiet=False)
2026-07-10 23:38:44,233 - util.py[DEBUG]: Reading 2071 bytes from /etc/cloud/cloud.cfg.d/05_logging.cfg
2026-07-10 23:38:44,233 - util.py[DEBUG]: Attempting to load yaml from string of length 2071 with allowed root types (<class 'dict'>,)
2026-07-10 23:38:44,235 - util.py[DEBUG]: Reading from /run/cloud-init/cloud.cfg (quiet=False)
2026-07-10 23:38:44,235 - util.py[DEBUG]: Reading 35 bytes from /run/cloud-init/cloud.cfg
2026-07-10 23:38:44,235 - util.py[DEBUG]: Attempting to load yaml from string of length 35 with allowed root types (<class 'dict'>,)
2026-07-10 23:38:44,235 - util.py[DEBUG]: Attempting to load yaml from string of length 0 with allowed root types (<class 'dict'>,)
2026-07-10 23:38:44,235 - util.py[DEBUG]: loaded blob returned None, returning default.
2026-07-10 23:38:44,236 - stages.py[DEBUG]: Using distro class <class 'cloudinit.distros.ubuntu.Distro'>
2026-07-10 23:38:44,236 - util.py[DEBUG]: Reading from /sys/class/net/enp7s0/address (quiet=False)
2026-07-10 23:38:44,237 - util.py[DEBUG]: Reading 18 bytes from /sys/class/net/enp7s0/address
2026-07-10 23:38:44,237 - util.py[DEBUG]: Reading from /sys/class/net/lo/address (quiet=False)
2026-07-10 23:38:44,237 - util.py[DEBUG]: Reading 18 bytes from /sys/class/net/lo/address
2026-07-10 23:38:44,237 - util.py[DEBUG]: Reading from /sys/class/net/enp7s0/address (quiet=False)
2026-07-10 23:38:44,237 - util.py[DEBUG]: Reading 18 bytes from /sys/class/net/enp7s0/address
2026-07-10 23:38:44,237 - util.py[DEBUG]: Reading from /sys/class/net/lo/address (quiet=False)
2026-07-10 23:38:44,237 - util.py[DEBUG]: Reading 18 bytes from /sys/class/net/lo/address
2026-07-10 23:38:44,237 - atomic_helper.py[DEBUG]: Atomically writing to file /var/lib/cloud/instance/network-config.json (via temporary file /var/lib/cloud/instance/tmpty_92tof) - w: [600] 193 bytes/chars
2026-07-10 23:38:44,237 - util.py[DEBUG]: Creating symbolic link from '/run/cloud-init/network-config.json' => '/var/lib/cloud/instance/network-config.json'
2026-07-10 23:38:44,238 - util.py[DEBUG]: Reading from /usr/lib/python3/dist-packages/cloudinit/config/schemas/schema-network-config-v2.json (quiet=False)
2026-07-10 23:38:44,239 - util.py[DEBUG]: Reading 17906 bytes from /usr/lib/python3/dist-packages/cloudinit/config/schemas/schema-network-config-v2.json
2026-07-10 23:38:44,240 - schema.py[DEBUG]: Validating network-config with netplan API
2026-07-10 23:38:44,240 - util.py[DEBUG]: Writing to /run/cloud-init/tmp/tmplpv63xsw/etc/netplan/network-config.yaml - wb: [600] 225 bytes
2026-07-10 23:38:44,241 - util.py[DEBUG]: Reading from /sys/class/net/enp7s0/uevent (quiet=False)
2026-07-10 23:38:44,241 - util.py[DEBUG]: Reading 27 bytes from /sys/class/net/enp7s0/uevent
2026-07-10 23:38:44,241 - util.py[DEBUG]: Reading from /sys/class/net/enp7s0/addr_assign_type (quiet=False)
2026-07-10 23:38:44,241 - util.py[DEBUG]: Reading 2 bytes from /sys/class/net/enp7s0/addr_assign_type
2026-07-10 23:38:44,241 - util.py[DEBUG]: Reading from /sys/class/net/enp7s0/address (quiet=False)
2026-07-10 23:38:44,241 - util.py[DEBUG]: Reading 18 bytes from /sys/class/net/enp7s0/address
2026-07-10 23:38:44,242 - net[DEBUG]: ovs-vsctl not in PATH; not detecting Open vSwitch interfaces
2026-07-10 23:38:44,242 - util.py[DEBUG]: Reading from /sys/class/net/enp7s0/device/device (quiet=False)
2026-07-10 23:38:44,242 - util.py[DEBUG]: Reading 7 bytes from /sys/class/net/enp7s0/device/device
2026-07-10 23:38:44,242 - util.py[DEBUG]: Reading from /sys/class/net/lo/uevent (quiet=False)
2026-07-10 23:38:44,242 - util.py[DEBUG]: Reading 23 bytes from /sys/class/net/lo/uevent
2026-07-10 23:38:44,242 - util.py[DEBUG]: Reading from /sys/class/net/lo/addr_assign_type (quiet=False)
2026-07-10 23:38:44,242 - util.py[DEBUG]: Reading 2 bytes from /sys/class/net/lo/addr_assign_type
2026-07-10 23:38:44,243 - util.py[DEBUG]: Reading from /sys/class/net/lo/address (quiet=False)
2026-07-10 23:38:44,243 - util.py[DEBUG]: Reading 18 bytes from /sys/class/net/lo/address
2026-07-10 23:38:44,243 - util.py[DEBUG]: Reading from /sys/class/net/lo/device/device (quiet=False)
2026-07-10 23:38:44,243 - util.py[DEBUG]: Reading from /sys/class/net/enp7s0/type (quiet=False)
2026-07-10 23:38:44,243 - util.py[DEBUG]: Reading 2 bytes from /sys/class/net/enp7s0/type
2026-07-10 23:38:44,243 - util.py[DEBUG]: Reading from /sys/class/net/lo/type (quiet=False)
2026-07-10 23:38:44,243 - util.py[DEBUG]: Reading 4 bytes from /sys/class/net/lo/type
2026-07-10 23:38:44,243 - networking.py[DEBUG]: net: all expected physical devices present
2026-07-10 23:38:44,243 - stages.py[DEBUG]: applying net config names for {'version': 2, 'ethernets': {'zz-all-en': {'match': {'name': 'en*'}, 'dhcp4': True}, 'zz-all-eth': {'match': {'name': 'eth*'}, 'dhcp4': True}}}
2026-07-10 23:38:44,243 - net[DEBUG]: no interfaces to rename
2026-07-10 23:38:44,243 - stages.py[INFO]: Applying network configuration from system_cfg bringup=False: {'version': 2, 'ethernets': {'zz-all-en': {'match': {'name': 'en*'}, 'dhcp4': True}, 'zz-all-eth': {'match': {'name': 'eth*'}, 'dhcp4': True}}}
2026-07-10 23:38:44,243 - util.py[DEBUG]: Writing to /run/cloud-init/sem/apply_network_config.once - wb: [644] 24 bytes
2026-07-10 23:38:44,245 - distros[DEBUG]: Selected renderer 'netplan' from priority list: None
2026-07-10 23:38:44,245 - network_state.py[DEBUG]: Passthrough netplan v2 config
2026-07-10 23:38:44,247 - netplan.py[DEBUG]: V2 to V2 passthrough
2026-07-10 23:38:44,248 - netplan.py[DEBUG]: Rendered netplan config using netplan python API
2026-07-10 23:38:44,248 - subp.py[DEBUG]: Running command ['netplan', 'generate'] with allowed return codes [0] (shell=False, capture=True)
2026-07-10 23:38:44,986 - performance.py[DEBUG]: Running ['netplan', 'generate'] took 0.738 seconds
2026-07-10 23:38:44,986 - subp.py[DEBUG]: Running command ['udevadm', 'test-builtin', 'net_setup_link', '/sys/class/net/enp7s0'] with allowed return codes [0] (shell=False, capture=True)
2026-07-10 23:38:44,996 - subp.py[DEBUG]: Running command ['udevadm', 'test-builtin', 'net_setup_link', '/sys/class/net/lo'] with allowed return codes [0] (shell=False, capture=True)
2026-07-10 23:38:45,003 - distros[DEBUG]: Not bringing up newly configured network interfaces
2026-07-10 23:38:45,003 - main.py[DEBUG]: [local] Exiting. datasource DataSourceNoCloud [seed=/var/lib/cloud/seed/nocloud] not in local mode.
2026-07-10 23:38:45,003 - util.py[DEBUG]: Reading from /proc/uptime (quiet=False)
2026-07-10 23:38:45,004 - util.py[DEBUG]: Reading 12 bytes from /proc/uptime
2026-07-10 23:38:45,004 - atomic_helper.py[DEBUG]: Atomically writing to file /var/lib/cloud/data/status.json (via temporary file /var/lib/cloud/data/tmpy94n_es2) - w: [644] 535 bytes/chars
2026-07-10 23:38:45,004 - performance.py[DEBUG]: cloud-init stage: 'init-local' took 0.972 seconds
2026-07-10 23:38:45,005 - handlers.py[DEBUG]: finish: init-local: SUCCESS: searching for local datasources
2026-07-10 23:38:45,665 - log_util.py[DEBUG]: Cloud-init v. 25.2-0ubuntu1~24.04.1 running 'init' at Fri, 10 Jul 2026 23:38:45 +0000. Up 34.67 seconds.
2026-07-10 23:38:45,665 - main.py[INFO]: PID [1] started cloud-init 'init'.
2026-07-10 23:38:45,665 - main.py[DEBUG]: No kernel command line url found.
2026-07-10 23:38:45,665 - main.py[DEBUG]: Closing stdin
2026-07-10 23:38:45,666 - util.py[DEBUG]: Writing to /var/log/cloud-init.log - ab: [640] 0 bytes
2026-07-10 23:38:45,667 - util.py[DEBUG]: Changing the ownership of /var/log/cloud-init.log to 103:4
2026-07-10 23:38:45,667 - util.py[DEBUG]: Reading from /var/lib/cloud/data/python-version (quiet=False)
2026-07-10 23:38:45,667 - util.py[DEBUG]: Reading 4 bytes from /var/lib/cloud/data/python-version
2026-07-10 23:38:45,669 - subp.py[DEBUG]: Running command ['ip', '--json', 'addr'] with allowed return codes [0] (shell=False, capture=True)
2026-07-10 23:38:45,710 - performance.py[DEBUG]: Running ['ip', '--json', 'addr'] took 0.040 seconds
2026-07-10 23:38:45,710 - subp.py[DEBUG]: Running command ['ip', '-o', 'route', 'list'] with allowed return codes [0] (shell=False, capture=True)
2026-07-10 23:38:45,711 - subp.py[DEBUG]: Running command ['ip', '--oneline', '-6', 'route', 'list', 'table', 'all'] with allowed return codes [0, 1] (shell=False, capture=True)
2026-07-10 23:38:45,714 - handlers.py[DEBUG]: start: init-network/check-cache: attempting to read from cache [trust]
2026-07-10 23:38:45,714 - util.py[DEBUG]: Reading from /var/lib/cloud/instance/obj.pkl (quiet=False)
2026-07-10 23:38:45,714 - util.py[DEBUG]: Reading 6350 bytes from /var/lib/cloud/instance/obj.pkl
2026-07-10 23:38:45,715 - util.py[DEBUG]: Reading from /run/cloud-init/.instance-id (quiet=False)
2026-07-10 23:38:45,715 - util.py[DEBUG]: Reading 8 bytes from /run/cloud-init/.instance-id
2026-07-10 23:38:45,715 - stages.py[DEBUG]: restored from cache with run check: DataSourceNoCloud [seed=/var/lib/cloud/seed/nocloud]
2026-07-10 23:38:45,715 - handlers.py[DEBUG]: finish: init-network/check-cache: SUCCESS: restored from cache with run check: DataSourceNoCloud [seed=/var/lib/cloud/seed/nocloud]
2026-07-10 23:38:45,715 - util.py[DEBUG]: Reading from /etc/cloud/cloud.cfg (quiet=False)
2026-07-10 23:38:45,715 - util.py[DEBUG]: Reading 3487 bytes from /etc/cloud/cloud.cfg
2026-07-10 23:38:45,716 - util.py[DEBUG]: Attempting to load yaml from string of length 3487 with allowed root types (<class 'dict'>,)
2026-07-10 23:38:45,722 - util.py[DEBUG]: Reading from /etc/cloud/cloud.cfg.d/90_dpkg.cfg (quiet=False)
2026-07-10 23:38:45,722 - util.py[DEBUG]: Reading 343 bytes from /etc/cloud/cloud.cfg.d/90_dpkg.cfg
2026-07-10 23:38:45,722 - util.py[DEBUG]: Attempting to load yaml from string of length 343 with allowed root types (<class 'dict'>,)
2026-07-10 23:38:45,724 - util.py[DEBUG]: Reading from /etc/cloud/cloud.cfg.d/06_quiet.cfg (quiet=False)
2026-07-10 23:38:45,724 - util.py[DEBUG]: Reading 112 bytes from /etc/cloud/cloud.cfg.d/06_quiet.cfg
2026-07-10 23:38:45,724 - util.py[DEBUG]: Attempting to load yaml from string of length 112 with allowed root types (<class 'dict'>,)
2026-07-10 23:38:45,724 - util.py[DEBUG]: Reading from /etc/cloud/cloud.cfg.d/05_logging.cfg (quiet=False)
2026-07-10 23:38:45,724 - util.py[DEBUG]: Reading 2071 bytes from /etc/cloud/cloud.cfg.d/05_logging.cfg
2026-07-10 23:38:45,724 - util.py[DEBUG]: Attempting to load yaml from string of length 2071 with allowed root types (<class 'dict'>,)
2026-07-10 23:38:45,726 - util.py[DEBUG]: Reading from /run/cloud-init/cloud.cfg (quiet=False)
2026-07-10 23:38:45,726 - util.py[DEBUG]: Reading 35 bytes from /run/cloud-init/cloud.cfg
2026-07-10 23:38:45,726 - util.py[DEBUG]: Attempting to load yaml from string of length 35 with allowed root types (<class 'dict'>,)
2026-07-10 23:38:45,726 - util.py[DEBUG]: Attempting to load yaml from string of length 0 with allowed root types (<class 'dict'>,)
2026-07-10 23:38:45,726 - util.py[DEBUG]: loaded blob returned None, returning default.
2026-07-10 23:38:45,727 - stages.py[INFO]: Instance link already exists, not recreating it.
2026-07-10 23:38:45,727 - util.py[DEBUG]: Reading from /var/lib/cloud/instances/nocloud/datasource (quiet=False)
2026-07-10 23:38:45,727 - util.py[DEBUG]: Reading 72 bytes from /var/lib/cloud/instances/nocloud/datasource
2026-07-10 23:38:45,727 - util.py[DEBUG]: Writing to /var/lib/cloud/instances/nocloud/datasource - wb: [644] 72 bytes
2026-07-10 23:38:45,728 - util.py[DEBUG]: Writing to /var/lib/cloud/data/previous-datasource - wb: [644] 72 bytes
2026-07-10 23:38:45,728 - util.py[DEBUG]: Reading from /var/lib/cloud/data/instance-id (quiet=False)
2026-07-10 23:38:45,728 - util.py[DEBUG]: Reading 8 bytes from /var/lib/cloud/data/instance-id
2026-07-10 23:38:45,728 - stages.py[DEBUG]: previous iid found to be nocloud
2026-07-10 23:38:45,728 - util.py[DEBUG]: Writing to /var/lib/cloud/data/instance-id - wb: [644] 8 bytes
2026-07-10 23:38:45,728 - util.py[DEBUG]: Writing to /run/cloud-init/.instance-id - wb: [644] 8 bytes
2026-07-10 23:38:45,728 - util.py[DEBUG]: Writing to /var/lib/cloud/data/previous-instance-id - wb: [644] 8 bytes
2026-07-10 23:38:45,729 - util.py[DEBUG]: Writing to /var/lib/cloud/instance/obj.pkl - wb: [400] 6371 bytes
2026-07-10 23:38:45,729 - stages.py[INFO]: Not re-loading configuration, instance id and datasource have not changed.
2026-07-10 23:38:45,729 - main.py[DEBUG]: [net] init will now be targeting instance id: nocloud. new=False
2026-07-10 23:38:45,730 - util.py[DEBUG]: Reading from /sys/class/net/enp7s0/address (quiet=False)
2026-07-10 23:38:45,730 - util.py[DEBUG]: Reading 18 bytes from /sys/class/net/enp7s0/address
2026-07-10 23:38:45,730 - util.py[DEBUG]: Reading from /sys/class/net/lo/address (quiet=False)
2026-07-10 23:38:45,730 - util.py[DEBUG]: Reading 18 bytes from /sys/class/net/lo/address
2026-07-10 23:38:45,730 - util.py[DEBUG]: Reading from /var/lib/cloud/hotplug.enabled (quiet=False)
2026-07-10 23:38:45,731 - util.py[DEBUG]: File not found: /var/lib/cloud/hotplug.enabled
2026-07-10 23:38:45,731 - stages.py[DEBUG]: Allowed events: {<EventScope.NETWORK: 'network'>: {<EventType.BOOT_NEW_INSTANCE: 'boot-new-instance'>}}
2026-07-10 23:38:45,731 - stages.py[DEBUG]: Event Denied: scopes=['network'] EventType=boot-legacy
2026-07-10 23:38:45,731 - stages.py[DEBUG]: No network config applied. Neither a new instance nor datasource network update allowed
2026-07-10 23:38:45,731 - stages.py[DEBUG]: applying net config names for {'version': 2, 'ethernets': {'zz-all-en': {'match': {'name': 'en*'}, 'dhcp4': True}, 'zz-all-eth': {'match': {'name': 'eth*'}, 'dhcp4': True}}}
2026-07-10 23:38:45,731 - stages.py[DEBUG]: Using distro class <class 'cloudinit.distros.ubuntu.Distro'>
2026-07-10 23:38:45,731 - net[DEBUG]: no interfaces to rename
2026-07-10 23:38:45,731 - handlers.py[DEBUG]: start: init-network/setup-datasource: setting up datasource
2026-07-10 23:38:45,731 - handlers.py[DEBUG]: finish: init-network/setup-datasource: SUCCESS: setting up datasource
2026-07-10 23:38:45,731 - util.py[DEBUG]: Writing to /var/lib/cloud/instances/nocloud/user-data.txt - wb: [600] 0 bytes
2026-07-10 23:38:45,739 - util.py[DEBUG]: Writing to /var/lib/cloud/instances/nocloud/user-data.txt.i - wb: [600] 308 bytes
2026-07-10 23:38:45,739 - util.py[DEBUG]: Writing to /var/lib/cloud/instances/nocloud/vendor-data.txt - wb: [600] 0 bytes
2026-07-10 23:38:45,740 - util.py[DEBUG]: Writing to /var/lib/cloud/instances/nocloud/vendor-data.txt.i - wb: [600] 308 bytes
2026-07-10 23:38:45,740 - util.py[DEBUG]: Writing to /var/lib/cloud/instances/nocloud/vendor-data2.txt - wb: [600] 0 bytes
2026-07-10 23:38:45,740 - util.py[DEBUG]: Writing to /var/lib/cloud/instances/nocloud/vendor-data2.txt.i - wb: [600] 308 bytes
2026-07-10 23:38:45,741 - util.py[DEBUG]: Writing to /var/lib/cloud/instances/nocloud/sem/consume_data - wb: [644] 24 bytes
2026-07-10 23:38:45,741 - helpers.py[DEBUG]: Running consume_data using lock (<FileLock using file '/var/lib/cloud/instances/nocloud/sem/consume_data'>)
2026-07-10 23:38:45,741 - handlers.py[DEBUG]: start: init-network/consume-user-data: reading and applying user-data
2026-07-10 23:38:45,742 - stages.py[DEBUG]: Added default handler for {'text/cloud-config', 'text/cloud-config-jsonp'} from CloudConfigPartHandler: [['text/cloud-config', 'text/cloud-config-jsonp']]
2026-07-10 23:38:45,742 - stages.py[DEBUG]: Added default handler for {'text/x-shellscript'} from ShellScriptPartHandler: [['text/x-shellscript']]
2026-07-10 23:38:45,742 - stages.py[DEBUG]: Added default handler for {'text/x-shellscript-per-boot'} from ShellScriptByFreqPartHandler: [['text/x-shellscript-per-boot']]
2026-07-10 23:38:45,742 - stages.py[DEBUG]: Added default handler for {'text/x-shellscript-per-instance'} from ShellScriptByFreqPartHandler: [['text/x-shellscript-per-instance']]
2026-07-10 23:38:45,742 - stages.py[DEBUG]: Added default handler for {'text/x-shellscript-per-once'} from ShellScriptByFreqPartHandler: [['text/x-shellscript-per-once']]
2026-07-10 23:38:45,742 - stages.py[DEBUG]: Added default handler for {'text/cloud-boothook'} from BootHookPartHandler: [['text/cloud-boothook']]
2026-07-10 23:38:45,742 - stages.py[DEBUG]: Added default handler for {'text/jinja2'} from JinjaTemplatePartHandler: [['text/jinja2']]
2026-07-10 23:38:45,742 - handlers[DEBUG]: Calling handler CloudConfigPartHandler: [['text/cloud-config', 'text/cloud-config-jsonp']] (__begin__, None, 3) with frequency once-per-instance
2026-07-10 23:38:45,742 - handlers[DEBUG]: Calling handler ShellScriptPartHandler: [['text/x-shellscript']] (__begin__, None, 2) with frequency once-per-instance
2026-07-10 23:38:45,742 - handlers[DEBUG]: Calling handler ShellScriptByFreqPartHandler: [['text/x-shellscript-per-boot']] (__begin__, None, 2) with frequency once-per-instance
2026-07-10 23:38:45,742 - handlers[DEBUG]: Calling handler ShellScriptByFreqPartHandler: [['text/x-shellscript-per-instance']] (__begin__, None, 2) with frequency once-per-instance
2026-07-10 23:38:45,742 - handlers[DEBUG]: Calling handler ShellScriptByFreqPartHandler: [['text/x-shellscript-per-once']] (__begin__, None, 2) with frequency once-per-instance
2026-07-10 23:38:45,742 - handlers[DEBUG]: Calling handler BootHookPartHandler: [['text/cloud-boothook']] (__begin__, None, 2) with frequency once-per-instance
2026-07-10 23:38:45,742 - handlers[DEBUG]: Calling handler JinjaTemplatePartHandler: [['text/jinja2']] (__begin__, None, 3) with frequency once-per-instance
2026-07-10 23:38:45,742 - handlers[DEBUG]: {'MIME-Version': '1.0', 'Content-Type': 'text/x-not-multipart', 'Content-Disposition': 'attachment; filename="part-001"'}
2026-07-10 23:38:45,742 - handlers[DEBUG]: Empty payload of type text/x-not-multipart
2026-07-10 23:38:45,742 - handlers[DEBUG]: Calling handler CloudConfigPartHandler: [['text/cloud-config', 'text/cloud-config-jsonp']] (__end__, None, 3) with frequency once-per-instance
2026-07-10 23:38:45,743 - util.py[DEBUG]: Writing to /var/lib/cloud/instances/nocloud/cloud-config.txt - wb: [600] 0 bytes
2026-07-10 23:38:45,743 - handlers[DEBUG]: Calling handler ShellScriptPartHandler: [['text/x-shellscript']] (__end__, None, 2) with frequency once-per-instance
2026-07-10 23:38:45,743 - handlers[DEBUG]: Calling handler ShellScriptByFreqPartHandler: [['text/x-shellscript-per-boot']] (__end__, None, 2) with frequency once-per-instance
2026-07-10 23:38:45,743 - handlers[DEBUG]: Calling handler ShellScriptByFreqPartHandler: [['text/x-shellscript-per-instance']] (__end__, None, 2) with frequency once-per-instance
2026-07-10 23:38:45,743 - handlers[DEBUG]: Calling handler ShellScriptByFreqPartHandler: [['text/x-shellscript-per-once']] (__end__, None, 2) with frequency once-per-instance
2026-07-10 23:38:45,743 - handlers[DEBUG]: Calling handler BootHookPartHandler: [['text/cloud-boothook']] (__end__, None, 2) with frequency once-per-instance
2026-07-10 23:38:45,743 - handlers[DEBUG]: Calling handler JinjaTemplatePartHandler: [['text/jinja2']] (__end__, None, 3) with frequency once-per-instance
2026-07-10 23:38:45,743 - handlers.py[DEBUG]: finish: init-network/consume-user-data: SUCCESS: reading and applying user-data
2026-07-10 23:38:45,743 - handlers.py[DEBUG]: start: init-network/consume-vendor-data: reading and applying vendor-data
2026-07-10 23:38:45,743 - stages.py[DEBUG]: no vendordata from datasource
2026-07-10 23:38:45,743 - handlers.py[DEBUG]: finish: init-network/consume-vendor-data: SUCCESS: reading and applying vendor-data
2026-07-10 23:38:45,743 - handlers.py[DEBUG]: start: init-network/consume-vendor-data2: reading and applying vendor-data2
2026-07-10 23:38:45,743 - stages.py[DEBUG]: no vendordata2 from datasource
2026-07-10 23:38:45,743 - handlers.py[DEBUG]: finish: init-network/consume-vendor-data2: SUCCESS: reading and applying vendor-data2
2026-07-10 23:38:45,743 - util.py[DEBUG]: Reading from /etc/cloud/cloud.cfg (quiet=False)
2026-07-10 23:38:45,743 - util.py[DEBUG]: Reading 3487 bytes from /etc/cloud/cloud.cfg
2026-07-10 23:38:45,743 - util.py[DEBUG]: Attempting to load yaml from string of length 3487 with allowed root types (<class 'dict'>,)
2026-07-10 23:38:45,750 - util.py[DEBUG]: Reading from /etc/cloud/cloud.cfg.d/90_dpkg.cfg (quiet=False)
2026-07-10 23:38:45,750 - util.py[DEBUG]: Reading 343 bytes from /etc/cloud/cloud.cfg.d/90_dpkg.cfg
2026-07-10 23:38:45,750 - util.py[DEBUG]: Attempting to load yaml from string of length 343 with allowed root types (<class 'dict'>,)
2026-07-10 23:38:45,751 - util.py[DEBUG]: Reading from /etc/cloud/cloud.cfg.d/06_quiet.cfg (quiet=False)
2026-07-10 23:38:45,751 - util.py[DEBUG]: Reading 112 bytes from /etc/cloud/cloud.cfg.d/06_quiet.cfg
2026-07-10 23:38:45,751 - util.py[DEBUG]: Attempting to load yaml from string of length 112 with allowed root types (<class 'dict'>,)
2026-07-10 23:38:45,752 - util.py[DEBUG]: Reading from /etc/cloud/cloud.cfg.d/05_logging.cfg (quiet=False)
2026-07-10 23:38:45,752 - util.py[DEBUG]: Reading 2071 bytes from /etc/cloud/cloud.cfg.d/05_logging.cfg
2026-07-10 23:38:45,752 - util.py[DEBUG]: Attempting to load yaml from string of length 2071 with allowed root types (<class 'dict'>,)
2026-07-10 23:38:45,753 - util.py[DEBUG]: Reading from /run/cloud-init/cloud.cfg (quiet=False)
2026-07-10 23:38:45,753 - util.py[DEBUG]: Reading 35 bytes from /run/cloud-init/cloud.cfg
2026-07-10 23:38:45,754 - util.py[DEBUG]: Attempting to load yaml from string of length 35 with allowed root types (<class 'dict'>,)
2026-07-10 23:38:45,754 - util.py[DEBUG]: Attempting to load yaml from string of length 0 with allowed root types (<class 'dict'>,)
2026-07-10 23:38:45,754 - util.py[DEBUG]: loaded blob returned None, returning default.
2026-07-10 23:38:45,754 - util.py[DEBUG]: Reading from /var/lib/cloud/instance/cloud-config.txt (quiet=False)
2026-07-10 23:38:45,754 - util.py[DEBUG]: Reading 0 bytes from /var/lib/cloud/instance/cloud-config.txt
2026-07-10 23:38:45,754 - util.py[DEBUG]: Attempting to load yaml from string of length 0 with allowed root types (<class 'dict'>,)
2026-07-10 23:38:45,754 - util.py[DEBUG]: loaded blob returned None, returning default.
2026-07-10 23:38:45,755 - atomic_helper.py[DEBUG]: Atomically writing to file /run/cloud-init/combined-cloud-config.json (via temporary file /run/cloud-init/tmpzzzgrdab) - w: [600] 5265 bytes/chars
2026-07-10 23:38:45,755 - util.py[DEBUG]: Reading from /run/cloud-init/instance-data-sensitive.json (quiet=False)
2026-07-10 23:38:45,755 - util.py[DEBUG]: Reading 7457 bytes from /run/cloud-init/instance-data-sensitive.json
2026-07-10 23:38:45,756 - atomic_helper.py[DEBUG]: Atomically writing to file /run/cloud-init/instance-data-sensitive.json (via temporary file /run/cloud-init/tmph_glbdc6) - w: [600] 9641 bytes/chars
2026-07-10 23:38:45,756 - main.py[DEBUG]: Skipping user-data validation. No user-data found.
2026-07-10 23:38:45,756 - util.py[DEBUG]: Reading from /var/lib/cloud/instance/cloud-config.txt (quiet=False)
2026-07-10 23:38:45,756 - util.py[DEBUG]: Reading 0 bytes from /var/lib/cloud/instance/cloud-config.txt
2026-07-10 23:38:45,756 - util.py[DEBUG]: Attempting to load yaml from string of length 0 with allowed root types (<class 'dict'>,)
2026-07-10 23:38:45,756 - util.py[DEBUG]: loaded blob returned None, returning default.
2026-07-10 23:38:45,757 - handlers.py[DEBUG]: start: init-network/activate-datasource: activating datasource
2026-07-10 23:38:45,758 - util.py[DEBUG]: Writing to /var/lib/cloud/instance/obj.pkl - wb: [400] 8729 bytes
2026-07-10 23:38:45,758 - handlers.py[DEBUG]: finish: init-network/activate-datasource: SUCCESS: activating datasource
2026-07-10 23:38:45,758 - main.py[DEBUG]: no di_report found in config.
2026-07-10 23:38:45,775 - stages.py[DEBUG]: Using distro class <class 'cloudinit.distros.ubuntu.Distro'>
2026-07-10 23:38:45,776 - modules.py[INFO]: Skipping modules 'bootcmd,write-files,ca-certs,rsyslog' because no applicable config is provided.
2026-07-10 23:38:45,776 - modules.py[DEBUG]: Running module users-groups (<module 'cloudinit.config.cc_users_groups' from '/usr/lib/python3/dist-packages/cloudinit/config/cc_users_groups.py'>) with frequency once-per-instance
2026-07-10 23:38:45,776 - handlers.py[DEBUG]: start: init-network/config-users-groups: running config-users-groups with frequency once-per-instance
2026-07-10 23:38:45,776 - util.py[DEBUG]: Writing to /var/lib/cloud/instances/nocloud/sem/config_users_groups - wb: [644] 25 bytes
2026-07-10 23:38:45,776 - helpers.py[DEBUG]: Running config-users-groups using lock (<FileLock using file '/var/lib/cloud/instances/nocloud/sem/config_users_groups'>)
2026-07-10 23:38:45,777 - util.py[DEBUG]: Reading from /etc/os-release (quiet=True)
2026-07-10 23:38:45,777 - util.py[DEBUG]: Reading 400 bytes from /etc/os-release
2026-07-10 23:38:45,778 - util.py[DEBUG]: Reading from /etc/system-image/channel.ini (quiet=True)
2026-07-10 23:38:45,778 - util.py[DEBUG]: Reading 0 bytes from /etc/system-image/channel.ini
2026-07-10 23:38:45,779 - util.py[DEBUG]: Reading from /etc/os-release (quiet=True)
2026-07-10 23:38:45,779 - util.py[DEBUG]: Reading 400 bytes from /etc/os-release
2026-07-10 23:38:45,779 - util.py[DEBUG]: Reading from /etc/system-image/channel.ini (quiet=True)
2026-07-10 23:38:45,779 - util.py[DEBUG]: Reading 0 bytes from /etc/system-image/channel.ini
2026-07-10 23:38:45,779 - subp.py[DEBUG]: Running command ['groupadd', 'netdev'] with allowed return codes [0] (shell=False, capture=True)
2026-07-10 23:38:45,787 - distros[INFO]: Created new group netdev
2026-07-10 23:38:45,787 - distros[DEBUG]: created group 'netdev' for user 'installer'
2026-07-10 23:38:45,788 - distros[DEBUG]: Adding user installer
2026-07-10 23:38:45,788 - subp.py[DEBUG]: Running command ['useradd', 'installer', '--comment', 'Ubuntu', '--groups', 'adm,audio,cdrom,dialout,dip,floppy,lxd,netdev,plugdev,sudo,video', '--shell', '/usr/bin/subiquity-shell', '-m'] with allowed return codes [0] (shell=False, capture=True)
2026-07-10 23:38:45,803 - performance.py[DEBUG]: Running ['useradd', 'installer', '--comment', 'Ubuntu', '--groups', 'adm,audio,cdrom,dialout,dip,floppy,lxd,netdev,plugdev,sudo,video', '--shell', '/usr/bin/subiquity-shell', '-m'] took 0.015 seconds
2026-07-10 23:38:45,803 - lifecycle.py[DEBUG]: Not unlocking password for user installer. 'lock_passwd: false' present in user-data but no 'passwd'/'plain_text_passwd'/'hashed_passwd' provided in user-data
2026-07-10 23:38:45,803 - util.py[DEBUG]: Reading from /etc/sudoers (quiet=False)
2026-07-10 23:38:45,806 - util.py[DEBUG]: Reading 1800 bytes from /etc/sudoers
2026-07-10 23:38:45,806 - util.py[DEBUG]: Writing to /etc/sudoers.d/90-cloud-init-users - wb: [440] 145 bytes
2026-07-10 23:38:45,807 - handlers.py[DEBUG]: finish: init-network/config-users-groups: SUCCESS: config-users-groups ran successfully and took 0.031 seconds
2026-07-10 23:38:45,807 - modules.py[DEBUG]: Running module ssh (<module 'cloudinit.config.cc_ssh' from '/usr/lib/python3/dist-packages/cloudinit/config/cc_ssh.py'>) with frequency once-per-instance
2026-07-10 23:38:45,807 - handlers.py[DEBUG]: start: init-network/config-ssh: running config-ssh with frequency once-per-instance
2026-07-10 23:38:45,807 - util.py[DEBUG]: Writing to /var/lib/cloud/instances/nocloud/sem/config_ssh - wb: [644] 24 bytes
2026-07-10 23:38:45,807 - helpers.py[DEBUG]: Running config-ssh using lock (<FileLock using file '/var/lib/cloud/instances/nocloud/sem/config_ssh'>)
2026-07-10 23:38:45,808 - util.py[DEBUG]: Reading from /proc/sys/crypto/fips_enabled (quiet=False)
2026-07-10 23:38:45,808 - subp.py[DEBUG]: Running command ['ssh-keygen', '-t', 'rsa', '-N', '', '-f', '/etc/ssh/ssh_host_rsa_key'] with allowed return codes [0] (shell=False, capture=True)
2026-07-10 23:38:46,156 - performance.py[DEBUG]: Running ['ssh-keygen', '-t', 'rsa', '-N', '', '-f', '/etc/ssh/ssh_host_rsa_key'] took 0.349 seconds
2026-07-10 23:38:46,157 - subp.py[DEBUG]: Running command ['ssh-keygen', '-t', 'ecdsa', '-N', '', '-f', '/etc/ssh/ssh_host_ecdsa_key'] with allowed return codes [0] (shell=False, capture=True)
2026-07-10 23:38:46,175 - performance.py[DEBUG]: Running ['ssh-keygen', '-t', 'ecdsa', '-N', '', '-f', '/etc/ssh/ssh_host_ecdsa_key'] took 0.018 seconds
2026-07-10 23:38:46,175 - subp.py[DEBUG]: Running command ['ssh-keygen', '-t', 'ed25519', '-N', '', '-f', '/etc/ssh/ssh_host_ed25519_key'] with allowed return codes [0] (shell=False, capture=True)
2026-07-10 23:38:46,179 - util.py[DEBUG]: Reading from /etc/ssh/ssh_host_ed25519_key.pub (quiet=False)
2026-07-10 23:38:46,180 - util.py[DEBUG]: Reading 100 bytes from /etc/ssh/ssh_host_ed25519_key.pub
2026-07-10 23:38:46,180 - util.py[DEBUG]: Reading from /etc/ssh/ssh_host_ecdsa_key.pub (quiet=False)
2026-07-10 23:38:46,180 - util.py[DEBUG]: Reading 180 bytes from /etc/ssh/ssh_host_ecdsa_key.pub
2026-07-10 23:38:46,180 - util.py[DEBUG]: Reading from /etc/ssh/ssh_host_rsa_key.pub (quiet=False)
2026-07-10 23:38:46,180 - util.py[DEBUG]: Reading 572 bytes from /etc/ssh/ssh_host_rsa_key.pub
2026-07-10 23:38:46,180 - util.py[DEBUG]: Reading from /etc/ssh/sshd_config (quiet=False)
2026-07-10 23:38:46,180 - util.py[DEBUG]: Reading 3517 bytes from /etc/ssh/sshd_config
2026-07-10 23:38:46,181 - util.py[DEBUG]: Changing the ownership of /home/installer/.ssh to 1001:1002
2026-07-10 23:38:46,181 - util.py[DEBUG]: Writing to /home/installer/.ssh/authorized_keys - wb: [600] 0 bytes
2026-07-10 23:38:46,182 - util.py[DEBUG]: Changing the ownership of /home/installer/.ssh/authorized_keys to 1001:1002
2026-07-10 23:38:46,182 - util.py[DEBUG]: Reading from /home/installer/.ssh/authorized_keys (quiet=False)
2026-07-10 23:38:46,182 - util.py[DEBUG]: Reading 0 bytes from /home/installer/.ssh/authorized_keys
2026-07-10 23:38:46,182 - util.py[DEBUG]: Writing to /home/installer/.ssh/authorized_keys - wb: [600] 0 bytes
2026-07-10 23:38:46,183 - util.py[DEBUG]: Reading from /etc/ssh/sshd_config (quiet=False)
2026-07-10 23:38:46,183 - util.py[DEBUG]: Reading 3517 bytes from /etc/ssh/sshd_config
2026-07-10 23:38:46,183 - util.py[DEBUG]: Writing to /root/.ssh/authorized_keys - wb: [600] 0 bytes
2026-07-10 23:38:46,184 - util.py[DEBUG]: Changing the ownership of /root/.ssh/authorized_keys to 0:0
2026-07-10 23:38:46,184 - util.py[DEBUG]: Reading from /root/.ssh/authorized_keys (quiet=False)
2026-07-10 23:38:46,184 - util.py[DEBUG]: Reading 0 bytes from /root/.ssh/authorized_keys
2026-07-10 23:38:46,184 - util.py[DEBUG]: Writing to /root/.ssh/authorized_keys - wb: [600] 0 bytes
2026-07-10 23:38:46,185 - handlers.py[DEBUG]: finish: init-network/config-ssh: SUCCESS: config-ssh ran successfully and took 0.378 seconds
2026-07-10 23:38:46,185 - main.py[DEBUG]: Ran 2 modules with 0 failures
2026-07-10 23:38:46,185 - util.py[DEBUG]: Reading from /proc/uptime (quiet=False)
2026-07-10 23:38:46,185 - util.py[DEBUG]: Reading 12 bytes from /proc/uptime
2026-07-10 23:38:46,185 - atomic_helper.py[DEBUG]: Atomically writing to file /var/lib/cloud/data/status.json (via temporary file /var/lib/cloud/data/tmp7lmcv00v) - w: [644] 537 bytes/chars
2026-07-10 23:38:46,186 - performance.py[DEBUG]: cloud-init stage: 'init-network' took 0.554 seconds
2026-07-10 23:38:46,186 - handlers.py[DEBUG]: finish: init-network: SUCCESS: searching for network datasources
2026-07-10 23:38:48,574 - log_util.py[DEBUG]: Cloud-init v. 25.2-0ubuntu1~24.04.1 running 'modules:config' at Fri, 10 Jul 2026 23:38:48 +0000. Up 37.43 seconds.
2026-07-10 23:38:48,574 - main.py[INFO]: PID [1] started cloud-init 'modules:config'.
2026-07-10 23:38:49,123 - stages.py[DEBUG]: Using distro class <class 'cloudinit.distros.ubuntu.Distro'>
2026-07-10 23:38:49,123 - modules.py[INFO]: Skipping modules 'timezone,disable-ec2-metadata,runcmd' because no applicable config is provided.
2026-07-10 23:38:49,124 - modules.py[DEBUG]: Running module ssh-import-id (<module 'cloudinit.config.cc_ssh_import_id' from '/usr/lib/python3/dist-packages/cloudinit/config/cc_ssh_import_id.py'>) with frequency once-per-instance
2026-07-10 23:38:49,124 - handlers.py[DEBUG]: start: modules-config/config-ssh-import-id: running config-ssh-import-id with frequency once-per-instance
2026-07-10 23:38:49,124 - util.py[DEBUG]: Writing to /var/lib/cloud/instances/nocloud/sem/config_ssh_import_id - wb: [644] 23 bytes
2026-07-10 23:38:49,124 - helpers.py[DEBUG]: Running config-ssh-import-id using lock (<FileLock using file '/var/lib/cloud/instances/nocloud/sem/config_ssh_import_id'>)
2026-07-10 23:38:49,124 - cc_ssh_import_id.py[DEBUG]: Skipping module named ssh_import_id, no 'ssh_import_id' directives found.
2026-07-10 23:38:49,124 - handlers.py[DEBUG]: finish: modules-config/config-ssh-import-id: SUCCESS: config-ssh-import-id ran successfully and took 0.000 seconds
2026-07-10 23:38:49,124 - modules.py[DEBUG]: Running module set-passwords (<module 'cloudinit.config.cc_set_passwords' from '/usr/lib/python3/dist-packages/cloudinit/config/cc_set_passwords.py'>) with frequency once-per-instance
2026-07-10 23:38:49,124 - handlers.py[DEBUG]: start: modules-config/config-set-passwords: running config-set-passwords with frequency once-per-instance
2026-07-10 23:38:49,125 - util.py[DEBUG]: Writing to /var/lib/cloud/instances/nocloud/sem/config_set_passwords - wb: [644] 25 bytes
2026-07-10 23:38:49,125 - helpers.py[DEBUG]: Running config-set-passwords using lock (<FileLock using file '/var/lib/cloud/instances/nocloud/sem/config_set_passwords'>)
2026-07-10 23:38:49,125 - util.py[DEBUG]: Reading from /etc/ssh/sshd_config (quiet=False)
2026-07-10 23:38:49,125 - util.py[DEBUG]: Reading 3517 bytes from /etc/ssh/sshd_config
2026-07-10 23:38:49,125 - util.py[DEBUG]: Writing to /etc/ssh/sshd_config.d/50-cloud-init.conf - ab: [600] 0 bytes
2026-07-10 23:38:49,127 - util.py[DEBUG]: Reading from /etc/ssh/sshd_config.d/50-cloud-init.conf (quiet=False)
2026-07-10 23:38:49,128 - util.py[DEBUG]: Reading 0 bytes from /etc/ssh/sshd_config.d/50-cloud-init.conf
2026-07-10 23:38:49,128 - ssh_util.py[DEBUG]: line 1: option PasswordAuthentication added with yes
2026-07-10 23:38:49,128 - util.py[DEBUG]: Writing to /etc/ssh/sshd_config.d/50-cloud-init.conf - wb: [600] 27 bytes
2026-07-10 23:38:49,128 - subp.py[DEBUG]: Running command ['systemctl', 'show', '--property', 'ActiveState', '--value', 'ssh'] with allowed return codes [0] (shell=False, capture=True)
2026-07-10 23:38:49,384 - performance.py[DEBUG]: Running ['systemctl', 'show', '--property', 'ActiveState', '--value', 'ssh'] took 0.256 seconds
2026-07-10 23:38:49,384 - handlers.py[DEBUG]: finish: modules-config/config-set-passwords: SUCCESS: config-set-passwords ran successfully and took 0.259 seconds
2026-07-10 23:38:49,384 - main.py[DEBUG]: Ran 2 modules with 0 failures
2026-07-10 23:38:49,384 - util.py[DEBUG]: Reading from /proc/uptime (quiet=False)
2026-07-10 23:38:49,384 - util.py[DEBUG]: Reading 12 bytes from /proc/uptime
2026-07-10 23:38:49,384 - atomic_helper.py[DEBUG]: Atomically writing to file /var/lib/cloud/data/status.json (via temporary file /var/lib/cloud/data/tmpdmbnfi8q) - w: [644] 538 bytes/chars
2026-07-10 23:38:49,384 - performance.py[DEBUG]: cloud-init stage: 'modules-config' took 1.040 seconds
2026-07-10 23:38:49,384 - handlers.py[DEBUG]: finish: modules-config: SUCCESS: running modules for config
2026-07-10 23:38:54,810 - log_util.py[DEBUG]: Cloud-init v. 25.2-0ubuntu1~24.04.1 running 'modules:final' at Fri, 10 Jul 2026 23:38:54 +0000. Up 43.16 seconds.
2026-07-10 23:38:54,810 - main.py[INFO]: PID [1] started cloud-init 'modules:final'.
2026-07-10 23:38:54,824 - stages.py[DEBUG]: Using distro class <class 'cloudinit.distros.ubuntu.Distro'>
2026-07-10 23:38:54,825 - modules.py[INFO]: Skipping modules 'phone-home' because no applicable config is provided.
2026-07-10 23:38:54,825 - modules.py[DEBUG]: Running module scripts-per-once (<module 'cloudinit.config.cc_scripts_per_once' from '/usr/lib/python3/dist-packages/cloudinit/config/cc_scripts_per_once.py'>) with frequency once
2026-07-10 23:38:54,825 - handlers.py[DEBUG]: start: modules-final/config-scripts-per-once: running config-scripts-per-once with frequency once
2026-07-10 23:38:54,826 - util.py[DEBUG]: Writing to /var/lib/cloud/sem/config_scripts_per_once.once - wb: [644] 25 bytes
2026-07-10 23:38:54,826 - helpers.py[DEBUG]: Running config-scripts-per-once using lock (<FileLock using file '/var/lib/cloud/sem/config_scripts_per_once.once'>)
2026-07-10 23:38:54,826 - handlers.py[DEBUG]: finish: modules-final/config-scripts-per-once: SUCCESS: config-scripts-per-once ran successfully and took 0.000 seconds
2026-07-10 23:38:54,826 - modules.py[DEBUG]: Running module scripts-user (<module 'cloudinit.config.cc_scripts_user' from '/usr/lib/python3/dist-packages/cloudinit/config/cc_scripts_user.py'>) with frequency once-per-instance
2026-07-10 23:38:54,826 - handlers.py[DEBUG]: start: modules-final/config-scripts-user: running config-scripts-user with frequency once-per-instance
2026-07-10 23:38:54,826 - util.py[DEBUG]: Writing to /var/lib/cloud/instances/nocloud/sem/config_scripts_user - wb: [644] 25 bytes
2026-07-10 23:38:54,826 - helpers.py[DEBUG]: Running config-scripts-user using lock (<FileLock using file '/var/lib/cloud/instances/nocloud/sem/config_scripts_user'>)
2026-07-10 23:38:54,826 - handlers.py[DEBUG]: finish: modules-final/config-scripts-user: SUCCESS: config-scripts-user ran successfully and took 0.000 seconds
2026-07-10 23:38:54,826 - modules.py[DEBUG]: Running module ssh-authkey-fingerprints (<module 'cloudinit.config.cc_ssh_authkey_fingerprints' from '/usr/lib/python3/dist-packages/cloudinit/config/cc_ssh_authkey_fingerprints.py'>) with frequency once-per-instance
2026-07-10 23:38:54,827 - handlers.py[DEBUG]: start: modules-final/config-ssh-authkey-fingerprints: running config-ssh-authkey-fingerprints with frequency once-per-instance
2026-07-10 23:38:54,827 - util.py[DEBUG]: Writing to /var/lib/cloud/instances/nocloud/sem/config_ssh_authkey_fingerprints - wb: [644] 24 bytes
2026-07-10 23:38:54,827 - helpers.py[DEBUG]: Running config-ssh-authkey-fingerprints using lock (<FileLock using file '/var/lib/cloud/instances/nocloud/sem/config_ssh_authkey_fingerprints'>)
2026-07-10 23:38:54,827 - cc_ssh_authkey_fingerprints.py[DEBUG]: Skipping module named ssh-authkey-fingerprints, logging of SSH fingerprints disabled
2026-07-10 23:38:54,827 - handlers.py[DEBUG]: finish: modules-final/config-ssh-authkey-fingerprints: SUCCESS: config-ssh-authkey-fingerprints ran successfully and took 0.000 seconds
2026-07-10 23:38:54,827 - modules.py[DEBUG]: Running module keys-to-console (<module 'cloudinit.config.cc_keys_to_console' from '/usr/lib/python3/dist-packages/cloudinit/config/cc_keys_to_console.py'>) with frequency once-per-instance
2026-07-10 23:38:54,827 - handlers.py[DEBUG]: start: modules-final/config-keys-to-console: running config-keys-to-console with frequency once-per-instance
2026-07-10 23:38:54,827 - util.py[DEBUG]: Writing to /var/lib/cloud/instances/nocloud/sem/config_keys_to_console - wb: [644] 25 bytes
2026-07-10 23:38:54,827 - helpers.py[DEBUG]: Running config-keys-to-console using lock (<FileLock using file '/var/lib/cloud/instances/nocloud/sem/config_keys_to_console'>)
2026-07-10 23:38:54,828 - cc_keys_to_console.py[DEBUG]: Skipping module named keys-to-console, logging of SSH host keys disabled
2026-07-10 23:38:54,828 - handlers.py[DEBUG]: finish: modules-final/config-keys-to-console: SUCCESS: config-keys-to-console ran successfully and took 0.000 seconds
2026-07-10 23:38:54,828 - modules.py[DEBUG]: Running module final-message (<module 'cloudinit.config.cc_final_message' from '/usr/lib/python3/dist-packages/cloudinit/config/cc_final_message.py'>) with frequency always
2026-07-10 23:38:54,828 - handlers.py[DEBUG]: start: modules-final/config-final-message: running config-final-message with frequency always
2026-07-10 23:38:54,828 - helpers.py[DEBUG]: Running config-final-message using lock (<cloudinit.helpers.DummyLock object at 0x74ecdc15aed0>)
2026-07-10 23:38:54,828 - util.py[DEBUG]: Reading from /proc/uptime (quiet=False)
2026-07-10 23:38:54,828 - util.py[DEBUG]: Reading 12 bytes from /proc/uptime
2026-07-10 23:38:54,835 - log_util.py[DEBUG]: Cloud-init v. 25.2-0ubuntu1~24.04.1 finished at Fri, 10 Jul 2026 23:38:54 +0000. Datasource DataSourceNoCloud [seed=/var/lib/cloud/seed/nocloud].  Up 43.21 seconds
2026-07-10 23:38:54,835 - util.py[DEBUG]: Writing to /var/lib/cloud/instance/boot-finished - wb: [644] 67 bytes
2026-07-10 23:38:54,835 - handlers.py[DEBUG]: finish: modules-final/config-final-message: SUCCESS: config-final-message ran successfully and took 0.008 seconds
2026-07-10 23:38:54,835 - main.py[DEBUG]: Ran 5 modules with 0 failures
2026-07-10 23:38:54,835 - util.py[DEBUG]: Reading from /proc/uptime (quiet=False)
2026-07-10 23:38:54,836 - util.py[DEBUG]: Reading 12 bytes from /proc/uptime
2026-07-10 23:38:54,836 - atomic_helper.py[DEBUG]: Atomically writing to file /var/lib/cloud/data/status.json (via temporary file /var/lib/cloud/data/tmpd0xr22h9) - w: [644] 540 bytes/chars
2026-07-10 23:38:54,836 - atomic_helper.py[DEBUG]: Atomically writing to file /var/lib/cloud/data/result.json (via temporary file /var/lib/cloud/data/tmpqsmzjl8y) - w: [644] 103 bytes/chars
2026-07-10 23:38:54,836 - util.py[DEBUG]: Creating symbolic link from '/run/cloud-init/result.json' => '../../var/lib/cloud/data/result.json'
2026-07-10 23:38:54,836 - performance.py[DEBUG]: cloud-init stage: 'modules-final' took 0.072 seconds
2026-07-10 23:38:54,836 - handlers.py[DEBUG]: finish: modules-final: SUCCESS: running modules for final
