Cloud-init v. 25.2-0ubuntu1~24.04.1 running 'init-local' at Fri, 10 Jul 2026 23:38:44 +0000. Up 33.08 seconds.
Cloud-init v. 25.2-0ubuntu1~24.04.1 running 'init' at Fri, 10 Jul 2026 23:38:45 +0000. Up 34.67 seconds.
ci-info: +++++++++++++++++++++++++++Net device info++++++++++++++++++++++++++++
ci-info: +--------+-------+-----------+-----------+-------+-------------------+
ci-info: | Device |   Up  |  Address  |    Mask   | Scope |     Hw-Address    |
ci-info: +--------+-------+-----------+-----------+-------+-------------------+
ci-info: | enp7s0 | False |     .     |     .     |   .   | 30:c5:99:46:3d:6a |
ci-info: |   lo   |  True | 127.0.0.1 | 255.0.0.0 |  host |         .         |
ci-info: |   lo   |  True |  ::1/128  |     .     |  host |         .         |
ci-info: +--------+-------+-----------+-----------+-------+-------------------+
ci-info: +++++++++++++++++++Route IPv6 info+++++++++++++++++++
ci-info: +-------+-------------+---------+-----------+-------+
ci-info: | Route | Destination | Gateway | Interface | Flags |
ci-info: +-------+-------------+---------+-----------+-------+
ci-info: +-------+-------------+---------+-----------+-------+
Generating public/private rsa key pair.
Your identification has been saved in /etc/ssh/ssh_host_rsa_key
Your public key has been saved in /etc/ssh/ssh_host_rsa_key.pub
The key fingerprint is:
SHA256:vol3dmd92FaXjEKQw6/Md1W6iayEFB6HOorX6HaNyvc root@ubuntu-server
The key's randomart image is:
+---[RSA 3072]----+
|        ...      |
|        +=.     .|
|       o ++    ..|
|      o o  o  .. |
|   . + oS.o. .+o.|
|  . + ...+.oooooo|
|   o   o....o  +o|
|   .o +.oo+ . + =|
|   .o+.oEo . o ..|
+----[SHA256]-----+
Generating public/private ecdsa key pair.
Your identification has been saved in /etc/ssh/ssh_host_ecdsa_key
Your public key has been saved in /etc/ssh/ssh_host_ecdsa_key.pub
The key fingerprint is:
SHA256:xSI0Zx3PbqYmACTTvyhfFSHtdVePIhEAPt/K++MYT9c root@ubuntu-server
The key's randomart image is:
+---[ECDSA 256]---+
|  o.. =o=++o   ..|
|   +.o =o.o+. ...|
|    ..+..o+.+.. .|
|     ..+o+ o .   |
|     ..oS . +    |
|  . . oo . + .   |
|   o .  = + . E  |
|    .    O..     |
|        oo+.     |
+----[SHA256]-----+
Generating public/private ed25519 key pair.
Your identification has been saved in /etc/ssh/ssh_host_ed25519_key
Your public key has been saved in /etc/ssh/ssh_host_ed25519_key.pub
The key fingerprint is:
SHA256:OyRa4WCgPfivPb2eYpzaXomUK5wyLGUIjnXTbVmOwMk root@ubuntu-server
The key's randomart image is:
+--[ED25519 256]--+
|  .  o..  .      |
| + . .Eo =       |
|+ + = o = .      |
|++ + = o         |
|o.+ o + S        |
|.+ + = + .       |
|+.+.=oo o        |
|.o =*... .       |
|  o++++.         |
+----[SHA256]-----+
Cloud-init v. 25.2-0ubuntu1~24.04.1 running 'modules:config' at Fri, 10 Jul 2026 23:38:48 +0000. Up 37.43 seconds.
Cloud-init v. 25.2-0ubuntu1~24.04.1 running 'modules:final' at Fri, 10 Jul 2026 23:38:54 +0000. Up 43.16 seconds.
Cloud-init v. 25.2-0ubuntu1~24.04.1 finished at Fri, 10 Jul 2026 23:38:54 +0000. Datasource DataSourceNoCloud [seed=/var/lib/cloud/seed/nocloud].  Up 43.21 seconds
